#
# A fatal error has been detected by the Java Runtime Environment:
#
#  SIGSEGV (0xb) at pc=0x00007fb472d47428, pid=12254, tid=12268
#
# JRE version: OpenJDK Runtime Environment (11.0.11+9) (build 11.0.11+9-Ubuntu-0ubuntu2.20.04)
# Java VM: OpenJDK 64-Bit Server VM (11.0.11+9-Ubuntu-0ubuntu2.20.04, mixed mode, sharing, tiered, compressed oops, g1 gc, linux-amd64)
# Problematic frame:
# V  [libjvm.so+0x7ba428]
#
# Core dump will be written. Default location: Core dumps may be processed with "/usr/share/apport/apport %p %s %c %d %P %E" (or dumping to /home/sabrina/Codecool/advanced/TW/joblish-backend/core.12254)
#
# If you would like to submit a bug report, please visit:
#   https://bugs.launchpad.net/ubuntu/+source/openjdk-lts
#

---------------  S U M M A R Y ------------

Command Line: -ea -Didea.test.cyclic.buffer.size=1048576 -javaagent:/home/sabrina/.local/share/JetBrains/Toolbox/apps/IDEA-U/ch-0/211.7442.40/lib/idea_rt.jar=41899:/home/sabrina/.local/share/JetBrains/Toolbox/apps/IDEA-U/ch-0/211.7442.40/bin -Dfile.encoding=UTF-8 com.intellij.rt.junit.JUnitStarter -ideVersion5 -junit5 com.codecool.travelish.controller.ApplicationControllerTest,getAllByUser_responseOk

Host: Intel(R) Core(TM) i5-6200U CPU @ 2.30GHz, 4 cores, 7G, Ubuntu 20.04.3 LTS
Time: Fri Oct  1 09:28:45 2021 EEST elapsed time: 3.156593 seconds (0d 0h 0m 3s)

---------------  T H R E A D  ---------------

Current thread (0x00007fb46c184000):  JavaThread "C2 CompilerThread0" daemon [_thread_in_native, id=12268, stack(0x00007fb44c2bf000,0x00007fb44c3c0000)]


Current CompileTask:
C2:   3156 2317   !   4       java.net.URL::<init> (543 bytes)

Stack: [0x00007fb44c2bf000,0x00007fb44c3c0000],  sp=0x00007fb44c3bb430,  free space=1009k
Native frames: (J=compiled Java code, A=aot compiled Java code, j=interpreted, Vv=VM code, C=native code)
V  [libjvm.so+0x7ba428]
V  [libjvm.so+0x7bc5d1]
V  [libjvm.so+0x7bcd34]
V  [libjvm.so+0x7be21a]
V  [libjvm.so+0x60c8cc]
V  [libjvm.so+0x610770]
V  [libjvm.so+0x53793f]
V  [libjvm.so+0x6190e1]
V  [libjvm.so+0x61a2b8]
V  [libjvm.so+0xe2105f]
V  [libjvm.so+0xe1d690]
V  [libjvm.so+0xbdac76]


siginfo: si_signo: 11 (SIGSEGV), si_code: 1 (SEGV_MAPERR), si_addr: 0x00007fb4fde7e320

Register to memory mapping:

RAX=0x000000001c34ceb8 is an unknown value
RBX=0x00007fb44c3bb4a0 is pointing into the stack for thread: 0x00007fb46c184000
RCX=0x00007fb41c416d60 points into unknown readable memory: 0x00007fb41c109820 | 20 98 10 1c b4 7f 00 00
RDX=0x000000000000004f is an unknown value
RSP=0x00007fb44c3bb430 is pointing into the stack for thread: 0x00007fb46c184000
RBP=0x00007fb44c3bb470 is pointing into the stack for thread: 0x00007fb46c184000
RSI=0x0 is NULL
RDI=0x00007fb4205032e8 points into unknown readable memory: 0x00007fb4200c4820 | 20 48 0c 20 b4 7f 00 00
R8 =0x0000000000005580 is an unknown value
R9 =0xfffffffffffffffc is an unknown value
R10=0x00007fb46c1a0500 points into unknown readable memory: 0x0000000000000002 | 02 00 00 00 00 00 00 00
R11=0x00007fb41c240c90 points into unknown readable memory: 0x00007fb41c23fa20 | 20 fa 23 1c b4 7f 00 00
R12=0x0 is NULL
R13=0x00007fb4205022e8 points into unknown readable memory: 0x00007fb47378e080 | 80 e0 78 73 b4 7f 00 00
R14=0x00007fb4205032e8 points into unknown readable memory: 0x00007fb4200c4820 | 20 48 0c 20 b4 7f 00 00
R15=0x0 is NULL


Registers:
RAX=0x000000001c34ceb8, RBX=0x00007fb44c3bb4a0, RCX=0x00007fb41c416d60, RDX=0x000000000000004f
RSP=0x00007fb44c3bb430, RBP=0x00007fb44c3bb470, RSI=0x0000000000000000, RDI=0x00007fb4205032e8
R8 =0x0000000000005580, R9 =0xfffffffffffffffc, R10=0x00007fb46c1a0500, R11=0x00007fb41c240c90
R12=0x0000000000000000, R13=0x00007fb4205022e8, R14=0x00007fb4205032e8, R15=0x0000000000000000
RIP=0x00007fb472d47428, EFLAGS=0x0000000000010297, CSGSFS=0x002b000000000033, ERR=0x0000000000000004
  TRAPNO=0x000000000000000e

Top of Stack: (sp=0x00007fb44c3bb430)
0x00007fb44c3bb430:   0000000300000000 00007fb40000004f
0x00007fb44c3bb440:   00007fb44c3bb470 00007fb41ca23868
0x00007fb44c3bb450:   00007fb4205021f8 00007fb41c110d68
0x00007fb44c3bb460:   00007fb41ca23820 00007fb44c3bb960 

Instructions: (pc=0x00007fb472d47428)
0x00007fb472d47328:   08 48 8b 01 48 8d 50 10 48 2b 51 10 48 c1 ea 04
0x00007fb472d47338:   85 d2 0f 84 b3 01 00 00 48 8b 10 48 89 fb 49 89
0x00007fb472d47348:   d5 89 d6 49 83 e5 fe 83 e6 01 45 8b 7d 20 44 39
0x00007fb472d47358:   78 08 40 88 75 c7 44 0f 46 78 08 48 83 e8 10 48
0x00007fb472d47368:   89 01 41 8b 75 28 48 8b 3b 89 f0 c1 e8 05 3b 47
0x00007fb472d47378:   10 0f 82 19 01 00 00 48 8b 07 ff 50 20 41 8b 45
0x00007fb472d47388:   2c 4c 89 ea 83 e0 0f 83 f8 08 75 07 49 8b 45 08
0x00007fb472d47398:   48 8b 10 48 8b 43 10 8b 52 28 48 8b 40 78 48 8b
0x00007fb472d473a8:   04 d0 8b 40 68 89 45 c8 45 85 ff 0f 84 ff 00 00
0x00007fb472d473b8:   00 41 8d 57 ff 31 f6 49 89 d7 4c 8d 24 d5 00 00
0x00007fb472d473c8:   00 00 eb 08 0f 1f 40 00 41 83 ef 01 49 8b 45 10
0x00007fb472d473d8:   48 8b 0b 4e 8b 34 20 41 8b 46 28 89 c7 c1 ef 05
0x00007fb472d473e8:   39 79 10 76 17 4c 8b 51 18 89 c1 ba 01 00 00 00
0x00007fb472d473f8:   83 e1 1f 48 d3 e2 41 85 14 ba 75 4a 41 8b 4e 2c
0x00007fb472d47408:   4c 89 f7 83 e1 0f 83 f9 08 75 0a 49 8b 46 08 48
0x00007fb472d47418:   8b 38 8b 47 28 48 8b 4b 10 8b 55 c8 48 8b 49 78
0x00007fb472d47428:   48 8b 04 c1 3b 50 68 77 1d 75 0b 8b 47 2c 83 e0
0x00007fb472d47438:   0f 83 f8 0c 74 10 4c 89 f7 e8 7a a2 3e 00 4c 89
0x00007fb472d47448:   f6 3a 45 c7 74 0d 49 83 ec 08 45 85 ff 0f 85 75
0x00007fb472d47458:   ff ff ff 48 85 f6 74 58 4c 8b 63 08 0f b6 45 c7
0x00007fb472d47468:   49 09 c5 49 8b 04 24 48 83 c0 10 49 89 04 24 49
0x00007fb472d47478:   3b 44 24 08 73 52 4c 89 28 49 89 f5 44 89 78 08
0x00007fb472d47488:   44 8b 7e 20 c6 45 c7 00 e9 d5 fe ff ff 0f 1f 00
0x00007fb472d47498:   83 e6 1f 48 8b 57 18 89 f1 be 01 00 00 00 48 d3
0x00007fb472d474a8:   e6 09 34 82 e9 d4 fe ff ff 0f 1f 80 00 00 00 00
0x00007fb472d474b8:   80 7d c7 00 74 28 48 83 c4 18 4c 89 e8 5b 41 5c
0x00007fb472d474c8:   41 5d 41 5e 41 5f 5d c3 4c 89 e7 48 89 75 c8 e8
0x00007fb472d474d8:   a4 bf 3e 00 49 8b 04 24 48 8b 75 c8 eb 98 c6 45
0x00007fb472d474e8:   c7 01 45 8b 7d 20 e9 77 fe ff ff 45 31 ed eb c6
0x00007fb472d474f8:   0f 1f 84 00 00 00 00 00 f3 0f 1e fa 55 48 89 e5
0x00007fb472d47508:   41 54 53 48 83 ec 10 8b 46 18 85 c0 0f 84 8d 00
0x00007fb472d47518:   00 00 66 0f 1f 44 00 00 48 8b 46 20 48 8b 00 48 


Stack slot to memory mapping:
stack at sp + 0 slots: 0x0000000300000000 is an unknown value
stack at sp + 1 slots: 0x00007fb40000004f points into unknown readable memory: 00
stack at sp + 2 slots: 0x00007fb44c3bb470 is pointing into the stack for thread: 0x00007fb46c184000
stack at sp + 3 slots: 0x00007fb41ca23868 points into unknown readable memory: 0x00007fb420502190 | 90 21 50 20 b4 7f 00 00
stack at sp + 4 slots: 0x00007fb4205021f8 points into unknown readable memory: 0x00007fb4736e55b0 | b0 55 6e 73 b4 7f 00 00
stack at sp + 5 slots: 0x00007fb41c110d68 points into unknown readable memory: 0x00007fb4736e55b0 | b0 55 6e 73 b4 7f 00 00
stack at sp + 6 slots: 0x00007fb41ca23820 points into unknown readable memory: 0x00007fb473789a38 | 38 9a 78 73 b4 7f 00 00
stack at sp + 7 slots: 0x00007fb44c3bb960 is pointing into the stack for thread: 0x00007fb46c184000


---------------  P R O C E S S  ---------------

Threads class SMR info:
_java_thread_list=0x00007fb40024ada0, length=12, elements={
0x00007fb46c01a000, 0x00007fb46c177800, 0x00007fb46c179800, 0x00007fb46c180000,
0x00007fb46c182000, 0x00007fb46c184000, 0x00007fb46c186800, 0x00007fb46c188800,
0x00007fb46c1ae000, 0x00007fb46c230000, 0x00007fb41c108000, 0x00007fb424001000
}

Java Threads: ( => current thread )
  0x00007fb46c01a000 JavaThread "main" [_thread_in_native, id=12255, stack(0x00007fb472140000,0x00007fb472241000)]
  0x00007fb46c177800 JavaThread "Reference Handler" daemon [_thread_blocked, id=12264, stack(0x00007fb470367000,0x00007fb470468000)]
  0x00007fb46c179800 JavaThread "Finalizer" daemon [_thread_blocked, id=12265, stack(0x00007fb470266000,0x00007fb470367000)]
  0x00007fb46c180000 JavaThread "Signal Dispatcher" daemon [_thread_blocked, id=12266, stack(0x00007fb470165000,0x00007fb470266000)]
  0x00007fb46c182000 JavaThread "Service Thread" daemon [_thread_blocked, id=12267, stack(0x00007fb470064000,0x00007fb470165000)]
=>0x00007fb46c184000 JavaThread "C2 CompilerThread0" daemon [_thread_in_native, id=12268, stack(0x00007fb44c2bf000,0x00007fb44c3c0000)]
  0x00007fb46c186800 JavaThread "C1 CompilerThread0" daemon [_thread_blocked, id=12269, stack(0x00007fb44c1be000,0x00007fb44c2bf000)]
  0x00007fb46c188800 JavaThread "Sweeper thread" daemon [_thread_blocked, id=12270, stack(0x00007fb44c0bd000,0x00007fb44c1be000)]
  0x00007fb46c1ae000 JavaThread "Common-Cleaner" daemon [_thread_blocked, id=12271, stack(0x00007fb4456c3000,0x00007fb4457c4000)]
  0x00007fb46c230000 JavaThread "Monitor Ctrl-Break" daemon [_thread_in_native, id=12272, stack(0x00007fb4455c2000,0x00007fb4456c3000)]
  0x00007fb41c108000 JavaThread "C2 CompilerThread1" daemon [_thread_in_native, id=12274, stack(0x00007fb4453bf000,0x00007fb4454c0000)]
  0x00007fb424001000 JavaThread "Attach Listener" daemon [_thread_blocked, id=12279, stack(0x00007fb4451bc000,0x00007fb4452bd000)]

Other Threads:
  0x00007fb46c174800 VMThread "VM Thread" [stack: 0x00007fb47046a000,0x00007fb47056a000] [id=12263]
  0x00007fb46c239800 WatcherThread [stack: 0x00007fb4454c2000,0x00007fb4455c2000] [id=12273]
  0x00007fb46c031800 GCTaskThread "GC Thread#0" [stack: 0x00007fb471de5000,0x00007fb471ee5000] [id=12257]
  0x00007fb438001000 GCTaskThread "GC Thread#1" [stack: 0x00007fb4452bf000,0x00007fb4453bf000] [id=12275]
  0x00007fb438054000 GCTaskThread "GC Thread#2" [stack: 0x00007fb4447bb000,0x00007fb4448bb000] [id=12289]
  0x00007fb438055800 GCTaskThread "GC Thread#3" [stack: 0x00007fb4446b9000,0x00007fb4447b9000] [id=12290]
  0x00007fb46c062000 ConcurrentGCThread "G1 Main Marker" [stack: 0x00007fb470d52000,0x00007fb470e52000] [id=12259]
  0x00007fb46c064000 ConcurrentGCThread "G1 Conc#0" [stack: 0x00007fb470c50000,0x00007fb470d50000] [id=12260]
  0x00007fb46c0da800 ConcurrentGCThread "G1 Refine#0" [stack: 0x00007fb47074a000,0x00007fb47084a000] [id=12261]
  0x00007fb46c0dc000 ConcurrentGCThread "G1 Young RemSet Sampling" [stack: 0x00007fb470648000,0x00007fb470748000] [id=12262]

Threads with active compile tasks:
C2 CompilerThread0   3162 2317   !   4       java.net.URL::<init> (543 bytes)
C2 CompilerThread1   3162 2334       4       java.util.Properties$LineReader::readLine (635 bytes)

VM state:not at safepoint (normal execution)

VM Mutex/Monitor currently owned by a thread: None

Heap address: 0x0000000087800000, size: 1928 MB, Compressed Oops mode: 32-bit
Narrow klass base: 0x0000000800000000, Narrow klass shift: 3
Compressed class space size: 1073741824 Address: 0x0000000840000000

Heap:
 garbage-first heap   total 159744K, used 18072K [0x0000000087800000, 0x0000000100000000)
  region size 1024K, 12 young (12288K), 6 survivors (6144K)
 Metaspace       used 20574K, capacity 21474K, committed 21760K, reserved 1069056K
  class space    used 2635K, capacity 3007K, committed 3072K, reserved 1048576K
Heap Regions: E=young(eden), S=young(survivor), O=old, HS=humongous(starts), HC=humongous(continues), CS=collection set, F=free, A=archive, TAMS=top-at-mark-start (previous, next)
|   0|0x0000000087800000, 0x0000000087900000, 0x0000000087900000|100%|HS|  |TAMS 0x0000000087900000, 0x0000000087800000| Complete 
|   1|0x0000000087900000, 0x0000000087a00000, 0x0000000087a00000|100%| O|  |TAMS 0x0000000087a00000, 0x0000000087900000| Untracked 
|   2|0x0000000087a00000, 0x0000000087b00000, 0x0000000087b00000|100%| O|  |TAMS 0x0000000087b00000, 0x0000000087a00000| Untracked 
|   3|0x0000000087b00000, 0x0000000087c00000, 0x0000000087c00000|100%| O|  |TAMS 0x0000000087c00000, 0x0000000087b00000| Untracked 
|   4|0x0000000087c00000, 0x0000000087d00000, 0x0000000087d00000|100%| O|  |TAMS 0x0000000087d00000, 0x0000000087c00000| Untracked 
|   5|0x0000000087d00000, 0x0000000087e00000, 0x0000000087e00000|100%| O|  |TAMS 0x0000000087e00000, 0x0000000087d00000| Untracked 
|   6|0x0000000087e00000, 0x0000000087e50c00, 0x0000000087f00000| 31%| O|  |TAMS 0x0000000087e50c00, 0x0000000087e00000| Untracked 
|   7|0x0000000087f00000, 0x0000000087f00000, 0x0000000088000000|  0%| F|  |TAMS 0x0000000087f00000, 0x0000000087f00000| Untracked 
|   8|0x0000000088000000, 0x0000000088000000, 0x0000000088100000|  0%| F|  |TAMS 0x0000000088000000, 0x0000000088000000| Untracked 
|   9|0x0000000088100000, 0x0000000088100000, 0x0000000088200000|  0%| F|  |TAMS 0x0000000088100000, 0x0000000088100000| Untracked 
|  10|0x0000000088200000, 0x0000000088200000, 0x0000000088300000|  0%| F|  |TAMS 0x0000000088200000, 0x0000000088200000| Untracked 
|  11|0x0000000088300000, 0x0000000088300000, 0x0000000088400000|  0%| F|  |TAMS 0x0000000088300000, 0x0000000088300000| Untracked 
|  12|0x0000000088400000, 0x0000000088400000, 0x0000000088500000|  0%| F|  |TAMS 0x0000000088400000, 0x0000000088400000| Untracked 
|  13|0x0000000088500000, 0x0000000088500000, 0x0000000088600000|  0%| F|  |TAMS 0x0000000088500000, 0x0000000088500000| Untracked 
|  14|0x0000000088600000, 0x0000000088600000, 0x0000000088700000|  0%| F|  |TAMS 0x0000000088600000, 0x0000000088600000| Untracked 
|  15|0x0000000088700000, 0x0000000088700000, 0x0000000088800000|  0%| F|  |TAMS 0x0000000088700000, 0x0000000088700000| Untracked 
|  16|0x0000000088800000, 0x0000000088800000, 0x0000000088900000|  0%| F|  |TAMS 0x0000000088800000, 0x0000000088800000| Untracked 
|  17|0x0000000088900000, 0x0000000088900000, 0x0000000088a00000|  0%| F|  |TAMS 0x0000000088900000, 0x0000000088900000| Untracked 
|  18|0x0000000088a00000, 0x0000000088a00000, 0x0000000088b00000|  0%| F|  |TAMS 0x0000000088a00000, 0x0000000088a00000| Untracked 
|  19|0x0000000088b00000, 0x0000000088b00000, 0x0000000088c00000|  0%| F|  |TAMS 0x0000000088b00000, 0x0000000088b00000| Untracked 
|  20|0x0000000088c00000, 0x0000000088c00000, 0x0000000088d00000|  0%| F|  |TAMS 0x0000000088c00000, 0x0000000088c00000| Untracked 
|  21|0x0000000088d00000, 0x0000000088d00000, 0x0000000088e00000|  0%| F|  |TAMS 0x0000000088d00000, 0x0000000088d00000| Untracked 
|  22|0x0000000088e00000, 0x0000000088e00000, 0x0000000088f00000|  0%| F|  |TAMS 0x0000000088e00000, 0x0000000088e00000| Untracked 
|  23|0x0000000088f00000, 0x0000000088f00000, 0x0000000089000000|  0%| F|  |TAMS 0x0000000088f00000, 0x0000000088f00000| Untracked 
|  24|0x0000000089000000, 0x0000000089000000, 0x0000000089100000|  0%| F|  |TAMS 0x0000000089000000, 0x0000000089000000| Untracked 
|  25|0x0000000089100000, 0x0000000089100000, 0x0000000089200000|  0%| F|  |TAMS 0x0000000089100000, 0x0000000089100000| Untracked 
|  26|0x0000000089200000, 0x0000000089200000, 0x0000000089300000|  0%| F|  |TAMS 0x0000000089200000, 0x0000000089200000| Untracked 
|  27|0x0000000089300000, 0x0000000089300000, 0x0000000089400000|  0%| F|  |TAMS 0x0000000089300000, 0x0000000089300000| Untracked 
|  28|0x0000000089400000, 0x0000000089400000, 0x0000000089500000|  0%| F|  |TAMS 0x0000000089400000, 0x0000000089400000| Untracked 
|  29|0x0000000089500000, 0x0000000089500000, 0x0000000089600000|  0%| F|  |TAMS 0x0000000089500000, 0x0000000089500000| Untracked 
|  30|0x0000000089600000, 0x0000000089600000, 0x0000000089700000|  0%| F|  |TAMS 0x0000000089600000, 0x0000000089600000| Untracked 
|  31|0x0000000089700000, 0x0000000089700000, 0x0000000089800000|  0%| F|  |TAMS 0x0000000089700000, 0x0000000089700000| Untracked 
|  32|0x0000000089800000, 0x0000000089800000, 0x0000000089900000|  0%| F|  |TAMS 0x0000000089800000, 0x0000000089800000| Untracked 
|  33|0x0000000089900000, 0x0000000089900000, 0x0000000089a00000|  0%| F|  |TAMS 0x0000000089900000, 0x0000000089900000| Untracked 
|  34|0x0000000089a00000, 0x0000000089a00000, 0x0000000089b00000|  0%| F|  |TAMS 0x0000000089a00000, 0x0000000089a00000| Untracked 
|  35|0x0000000089b00000, 0x0000000089b00000, 0x0000000089c00000|  0%| F|  |TAMS 0x0000000089b00000, 0x0000000089b00000| Untracked 
|  36|0x0000000089c00000, 0x0000000089c00000, 0x0000000089d00000|  0%| F|  |TAMS 0x0000000089c00000, 0x0000000089c00000| Untracked 
|  37|0x0000000089d00000, 0x0000000089d00000, 0x0000000089e00000|  0%| F|  |TAMS 0x0000000089d00000, 0x0000000089d00000| Untracked 
|  38|0x0000000089e00000, 0x0000000089e00000, 0x0000000089f00000|  0%| F|  |TAMS 0x0000000089e00000, 0x0000000089e00000| Untracked 
|  39|0x0000000089f00000, 0x0000000089f00000, 0x000000008a000000|  0%| F|  |TAMS 0x0000000089f00000, 0x0000000089f00000| Untracked 
|  40|0x000000008a000000, 0x000000008a000000, 0x000000008a100000|  0%| F|  |TAMS 0x000000008a000000, 0x000000008a000000| Untracked 
|  41|0x000000008a100000, 0x000000008a100000, 0x000000008a200000|  0%| F|  |TAMS 0x000000008a100000, 0x000000008a100000| Untracked 
|  42|0x000000008a200000, 0x000000008a200000, 0x000000008a300000|  0%| F|  |TAMS 0x000000008a200000, 0x000000008a200000| Untracked 
|  43|0x000000008a300000, 0x000000008a300000, 0x000000008a400000|  0%| F|  |TAMS 0x000000008a300000, 0x000000008a300000| Untracked 
|  44|0x000000008a400000, 0x000000008a400000, 0x000000008a500000|  0%| F|  |TAMS 0x000000008a400000, 0x000000008a400000| Untracked 
|  45|0x000000008a500000, 0x000000008a500000, 0x000000008a600000|  0%| F|  |TAMS 0x000000008a500000, 0x000000008a500000| Untracked 
|  46|0x000000008a600000, 0x000000008a600000, 0x000000008a700000|  0%| F|  |TAMS 0x000000008a600000, 0x000000008a600000| Untracked 
|  47|0x000000008a700000, 0x000000008a700000, 0x000000008a800000|  0%| F|  |TAMS 0x000000008a700000, 0x000000008a700000| Untracked 
|  48|0x000000008a800000, 0x000000008a800000, 0x000000008a900000|  0%| F|  |TAMS 0x000000008a800000, 0x000000008a800000| Untracked 
|  49|0x000000008a900000, 0x000000008a900000, 0x000000008aa00000|  0%| F|  |TAMS 0x000000008a900000, 0x000000008a900000| Untracked 
|  50|0x000000008aa00000, 0x000000008aa00000, 0x000000008ab00000|  0%| F|  |TAMS 0x000000008aa00000, 0x000000008aa00000| Untracked 
|  51|0x000000008ab00000, 0x000000008ab00000, 0x000000008ac00000|  0%| F|  |TAMS 0x000000008ab00000, 0x000000008ab00000| Untracked 
|  52|0x000000008ac00000, 0x000000008ac00000, 0x000000008ad00000|  0%| F|  |TAMS 0x000000008ac00000, 0x000000008ac00000| Untracked 
|  53|0x000000008ad00000, 0x000000008ad00000, 0x000000008ae00000|  0%| F|  |TAMS 0x000000008ad00000, 0x000000008ad00000| Untracked 
|  54|0x000000008ae00000, 0x000000008ae00000, 0x000000008af00000|  0%| F|  |TAMS 0x000000008ae00000, 0x000000008ae00000| Untracked 
|  55|0x000000008af00000, 0x000000008af00000, 0x000000008b000000|  0%| F|  |TAMS 0x000000008af00000, 0x000000008af00000| Untracked 
|  56|0x000000008b000000, 0x000000008b000000, 0x000000008b100000|  0%| F|  |TAMS 0x000000008b000000, 0x000000008b000000| Untracked 
|  57|0x000000008b100000, 0x000000008b100000, 0x000000008b200000|  0%| F|  |TAMS 0x000000008b100000, 0x000000008b100000| Untracked 
|  58|0x000000008b200000, 0x000000008b200000, 0x000000008b300000|  0%| F|  |TAMS 0x000000008b200000, 0x000000008b200000| Untracked 
|  59|0x000000008b300000, 0x000000008b300000, 0x000000008b400000|  0%| F|  |TAMS 0x000000008b300000, 0x000000008b300000| Untracked 
|  60|0x000000008b400000, 0x000000008b400000, 0x000000008b500000|  0%| F|  |TAMS 0x000000008b400000, 0x000000008b400000| Untracked 
|  61|0x000000008b500000, 0x000000008b500000, 0x000000008b600000|  0%| F|  |TAMS 0x000000008b500000, 0x000000008b500000| Untracked 
|  62|0x000000008b600000, 0x000000008b600000, 0x000000008b700000|  0%| F|  |TAMS 0x000000008b600000, 0x000000008b600000| Untracked 
|  63|0x000000008b700000, 0x000000008b700000, 0x000000008b800000|  0%| F|  |TAMS 0x000000008b700000, 0x000000008b700000| Untracked 
|  64|0x000000008b800000, 0x000000008b800000, 0x000000008b900000|  0%| F|  |TAMS 0x000000008b800000, 0x000000008b800000| Untracked 
|  65|0x000000008b900000, 0x000000008b900000, 0x000000008ba00000|  0%| F|  |TAMS 0x000000008b900000, 0x000000008b900000| Untracked 
|  66|0x000000008ba00000, 0x000000008ba00000, 0x000000008bb00000|  0%| F|  |TAMS 0x000000008ba00000, 0x000000008ba00000| Untracked 
|  67|0x000000008bb00000, 0x000000008bb00000, 0x000000008bc00000|  0%| F|  |TAMS 0x000000008bb00000, 0x000000008bb00000| Untracked 
|  68|0x000000008bc00000, 0x000000008bc00000, 0x000000008bd00000|  0%| F|  |TAMS 0x000000008bc00000, 0x000000008bc00000| Untracked 
|  69|0x000000008bd00000, 0x000000008bd00000, 0x000000008be00000|  0%| F|  |TAMS 0x000000008bd00000, 0x000000008bd00000| Untracked 
|  70|0x000000008be00000, 0x000000008be00000, 0x000000008bf00000|  0%| F|  |TAMS 0x000000008be00000, 0x000000008be00000| Untracked 
|  71|0x000000008bf00000, 0x000000008bf00000, 0x000000008c000000|  0%| F|  |TAMS 0x000000008bf00000, 0x000000008bf00000| Untracked 
|  72|0x000000008c000000, 0x000000008c000000, 0x000000008c100000|  0%| F|  |TAMS 0x000000008c000000, 0x000000008c000000| Untracked 
|  73|0x000000008c100000, 0x000000008c100000, 0x000000008c200000|  0%| F|  |TAMS 0x000000008c100000, 0x000000008c100000| Untracked 
|  74|0x000000008c200000, 0x000000008c200000, 0x000000008c300000|  0%| F|  |TAMS 0x000000008c200000, 0x000000008c200000| Untracked 
|  75|0x000000008c300000, 0x000000008c300000, 0x000000008c400000|  0%| F|  |TAMS 0x000000008c300000, 0x000000008c300000| Untracked 
|  76|0x000000008c400000, 0x000000008c400000, 0x000000008c500000|  0%| F|  |TAMS 0x000000008c400000, 0x000000008c400000| Untracked 
|  77|0x000000008c500000, 0x000000008c500000, 0x000000008c600000|  0%| F|  |TAMS 0x000000008c500000, 0x000000008c500000| Untracked 
|  78|0x000000008c600000, 0x000000008c600000, 0x000000008c700000|  0%| F|  |TAMS 0x000000008c600000, 0x000000008c600000| Untracked 
|  79|0x000000008c700000, 0x000000008c700000, 0x000000008c800000|  0%| F|  |TAMS 0x000000008c700000, 0x000000008c700000| Untracked 
|  80|0x000000008c800000, 0x000000008c800000, 0x000000008c900000|  0%| F|  |TAMS 0x000000008c800000, 0x000000008c800000| Untracked 
|  81|0x000000008c900000, 0x000000008c900000, 0x000000008ca00000|  0%| F|  |TAMS 0x000000008c900000, 0x000000008c900000| Untracked 
|  82|0x000000008ca00000, 0x000000008ca00000, 0x000000008cb00000|  0%| F|  |TAMS 0x000000008ca00000, 0x000000008ca00000| Untracked 
|  83|0x000000008cb00000, 0x000000008cb00000, 0x000000008cc00000|  0%| F|  |TAMS 0x000000008cb00000, 0x000000008cb00000| Untracked 
|  84|0x000000008cc00000, 0x000000008cc00000, 0x000000008cd00000|  0%| F|  |TAMS 0x000000008cc00000, 0x000000008cc00000| Untracked 
|  85|0x000000008cd00000, 0x000000008cd00000, 0x000000008ce00000|  0%| F|  |TAMS 0x000000008cd00000, 0x000000008cd00000| Untracked 
|  86|0x000000008ce00000, 0x000000008ce00000, 0x000000008cf00000|  0%| F|  |TAMS 0x000000008ce00000, 0x000000008ce00000| Untracked 
|  87|0x000000008cf00000, 0x000000008cf00000, 0x000000008d000000|  0%| F|  |TAMS 0x000000008cf00000, 0x000000008cf00000| Untracked 
|  88|0x000000008d000000, 0x000000008d000000, 0x000000008d100000|  0%| F|  |TAMS 0x000000008d000000, 0x000000008d000000| Untracked 
|  89|0x000000008d100000, 0x000000008d100000, 0x000000008d200000|  0%| F|  |TAMS 0x000000008d100000, 0x000000008d100000| Untracked 
|  90|0x000000008d200000, 0x000000008d200000, 0x000000008d300000|  0%| F|  |TAMS 0x000000008d200000, 0x000000008d200000| Untracked 
|  91|0x000000008d300000, 0x000000008d300000, 0x000000008d400000|  0%| F|  |TAMS 0x000000008d300000, 0x000000008d300000| Untracked 
|  92|0x000000008d400000, 0x000000008d400000, 0x000000008d500000|  0%| F|  |TAMS 0x000000008d400000, 0x000000008d400000| Untracked 
|  93|0x000000008d500000, 0x000000008d500000, 0x000000008d600000|  0%| F|  |TAMS 0x000000008d500000, 0x000000008d500000| Untracked 
|  94|0x000000008d600000, 0x000000008d600000, 0x000000008d700000|  0%| F|  |TAMS 0x000000008d600000, 0x000000008d600000| Untracked 
|  95|0x000000008d700000, 0x000000008d700000, 0x000000008d800000|  0%| F|  |TAMS 0x000000008d700000, 0x000000008d700000| Untracked 
|  96|0x000000008d800000, 0x000000008d800000, 0x000000008d900000|  0%| F|  |TAMS 0x000000008d800000, 0x000000008d800000| Untracked 
|  97|0x000000008d900000, 0x000000008d900000, 0x000000008da00000|  0%| F|  |TAMS 0x000000008d900000, 0x000000008d900000| Untracked 
|  98|0x000000008da00000, 0x000000008da00000, 0x000000008db00000|  0%| F|  |TAMS 0x000000008da00000, 0x000000008da00000| Untracked 
|  99|0x000000008db00000, 0x000000008db00000, 0x000000008dc00000|  0%| F|  |TAMS 0x000000008db00000, 0x000000008db00000| Untracked 
| 100|0x000000008dc00000, 0x000000008dc00000, 0x000000008dd00000|  0%| F|  |TAMS 0x000000008dc00000, 0x000000008dc00000| Untracked 
| 101|0x000000008dd00000, 0x000000008dd00000, 0x000000008de00000|  0%| F|  |TAMS 0x000000008dd00000, 0x000000008dd00000| Untracked 
| 102|0x000000008de00000, 0x000000008de00000, 0x000000008df00000|  0%| F|  |TAMS 0x000000008de00000, 0x000000008de00000| Untracked 
| 103|0x000000008df00000, 0x000000008df00000, 0x000000008e000000|  0%| F|  |TAMS 0x000000008df00000, 0x000000008df00000| Untracked 
| 104|0x000000008e000000, 0x000000008e000000, 0x000000008e100000|  0%| F|  |TAMS 0x000000008e000000, 0x000000008e000000| Untracked 
| 105|0x000000008e100000, 0x000000008e100000, 0x000000008e200000|  0%| F|  |TAMS 0x000000008e100000, 0x000000008e100000| Untracked 
| 106|0x000000008e200000, 0x000000008e200000, 0x000000008e300000|  0%| F|  |TAMS 0x000000008e200000, 0x000000008e200000| Untracked 
| 107|0x000000008e300000, 0x000000008e300000, 0x000000008e400000|  0%| F|  |TAMS 0x000000008e300000, 0x000000008e300000| Untracked 
| 108|0x000000008e400000, 0x000000008e400000, 0x000000008e500000|  0%| F|  |TAMS 0x000000008e400000, 0x000000008e400000| Untracked 
| 109|0x000000008e500000, 0x000000008e500000, 0x000000008e600000|  0%| F|  |TAMS 0x000000008e500000, 0x000000008e500000| Untracked 
| 110|0x000000008e600000, 0x000000008e600000, 0x000000008e700000|  0%| F|  |TAMS 0x000000008e600000, 0x000000008e600000| Untracked 
| 111|0x000000008e700000, 0x000000008e700000, 0x000000008e800000|  0%| F|  |TAMS 0x000000008e700000, 0x000000008e700000| Untracked 
| 112|0x000000008e800000, 0x000000008e800000, 0x000000008e900000|  0%| F|  |TAMS 0x000000008e800000, 0x000000008e800000| Untracked 
| 113|0x000000008e900000, 0x000000008e900000, 0x000000008ea00000|  0%| F|  |TAMS 0x000000008e900000, 0x000000008e900000| Untracked 
| 114|0x000000008ea00000, 0x000000008ea00000, 0x000000008eb00000|  0%| F|  |TAMS 0x000000008ea00000, 0x000000008ea00000| Untracked 
| 115|0x000000008eb00000, 0x000000008eb00000, 0x000000008ec00000|  0%| F|  |TAMS 0x000000008eb00000, 0x000000008eb00000| Untracked 
| 116|0x000000008ec00000, 0x000000008ec00000, 0x000000008ed00000|  0%| F|  |TAMS 0x000000008ec00000, 0x000000008ec00000| Untracked 
| 117|0x000000008ed00000, 0x000000008ed00000, 0x000000008ee00000|  0%| F|  |TAMS 0x000000008ed00000, 0x000000008ed00000| Untracked 
| 118|0x000000008ee00000, 0x000000008ee00000, 0x000000008ef00000|  0%| F|  |TAMS 0x000000008ee00000, 0x000000008ee00000| Untracked 
| 119|0x000000008ef00000, 0x000000008ef00000, 0x000000008f000000|  0%| F|  |TAMS 0x000000008ef00000, 0x000000008ef00000| Untracked 
| 120|0x000000008f000000, 0x000000008f000000, 0x000000008f100000|  0%| F|  |TAMS 0x000000008f000000, 0x000000008f000000| Untracked 
| 121|0x000000008f100000, 0x000000008f100000, 0x000000008f200000|  0%| F|  |TAMS 0x000000008f100000, 0x000000008f100000| Untracked 
| 122|0x000000008f200000, 0x000000008f200000, 0x000000008f300000|  0%| F|  |TAMS 0x000000008f200000, 0x000000008f200000| Untracked 
| 123|0x000000008f300000, 0x000000008f300000, 0x000000008f400000|  0%| F|  |TAMS 0x000000008f300000, 0x000000008f300000| Untracked 
| 124|0x000000008f400000, 0x000000008f400000, 0x000000008f500000|  0%| F|  |TAMS 0x000000008f400000, 0x000000008f400000| Untracked 
| 125|0x000000008f500000, 0x000000008f500000, 0x000000008f600000|  0%| F|  |TAMS 0x000000008f500000, 0x000000008f500000| Untracked 
| 126|0x000000008f600000, 0x000000008f600000, 0x000000008f700000|  0%| F|  |TAMS 0x000000008f600000, 0x000000008f600000| Untracked 
| 127|0x000000008f700000, 0x000000008f700000, 0x000000008f800000|  0%| F|  |TAMS 0x000000008f700000, 0x000000008f700000| Untracked 
| 128|0x000000008f800000, 0x000000008f800000, 0x000000008f900000|  0%| F|  |TAMS 0x000000008f800000, 0x000000008f800000| Untracked 
| 129|0x000000008f900000, 0x000000008f900000, 0x000000008fa00000|  0%| F|  |TAMS 0x000000008f900000, 0x000000008f900000| Untracked 
| 130|0x000000008fa00000, 0x000000008fa00000, 0x000000008fb00000|  0%| F|  |TAMS 0x000000008fa00000, 0x000000008fa00000| Untracked 
| 131|0x000000008fb00000, 0x000000008fb00000, 0x000000008fc00000|  0%| F|  |TAMS 0x000000008fb00000, 0x000000008fb00000| Untracked 
| 132|0x000000008fc00000, 0x000000008fc00000, 0x000000008fd00000|  0%| F|  |TAMS 0x000000008fc00000, 0x000000008fc00000| Untracked 
| 133|0x000000008fd00000, 0x000000008fd00000, 0x000000008fe00000|  0%| F|  |TAMS 0x000000008fd00000, 0x000000008fd00000| Untracked 
| 134|0x000000008fe00000, 0x000000008fe00000, 0x000000008ff00000|  0%| F|  |TAMS 0x000000008fe00000, 0x000000008fe00000| Untracked 
| 135|0x000000008ff00000, 0x000000008ff00000, 0x0000000090000000|  0%| F|  |TAMS 0x000000008ff00000, 0x000000008ff00000| Untracked 
| 136|0x0000000090000000, 0x00000000900a3590, 0x0000000090100000| 63%| S|CS|TAMS 0x0000000090000000, 0x0000000090000000| Complete 
| 137|0x0000000090100000, 0x0000000090200000, 0x0000000090200000|100%| S|CS|TAMS 0x0000000090100000, 0x0000000090100000| Complete 
| 138|0x0000000090200000, 0x0000000090300000, 0x0000000090300000|100%| S|CS|TAMS 0x0000000090200000, 0x0000000090200000| Complete 
| 139|0x0000000090300000, 0x0000000090400000, 0x0000000090400000|100%| S|CS|TAMS 0x0000000090300000, 0x0000000090300000| Complete 
| 140|0x0000000090400000, 0x0000000090500000, 0x0000000090500000|100%| S|CS|TAMS 0x0000000090400000, 0x0000000090400000| Complete 
| 141|0x0000000090500000, 0x0000000090600000, 0x0000000090600000|100%| S|CS|TAMS 0x0000000090500000, 0x0000000090500000| Complete 
| 142|0x0000000090600000, 0x0000000090600000, 0x0000000090700000|  0%| F|  |TAMS 0x0000000090600000, 0x0000000090600000| Untracked 
| 143|0x0000000090700000, 0x0000000090700000, 0x0000000090800000|  0%| F|  |TAMS 0x0000000090700000, 0x0000000090700000| Untracked 
| 144|0x0000000090800000, 0x0000000090800000, 0x0000000090900000|  0%| F|  |TAMS 0x0000000090800000, 0x0000000090800000| Untracked 
| 145|0x0000000090900000, 0x0000000090900000, 0x0000000090a00000|  0%| F|  |TAMS 0x0000000090900000, 0x0000000090900000| Untracked 
| 146|0x0000000090a00000, 0x0000000090a00000, 0x0000000090b00000|  0%| F|  |TAMS 0x0000000090a00000, 0x0000000090a00000| Untracked 
| 147|0x0000000090b00000, 0x0000000090b00000, 0x0000000090c00000|  0%| F|  |TAMS 0x0000000090b00000, 0x0000000090b00000| Untracked 
| 148|0x0000000090c00000, 0x0000000090cb8c00, 0x0000000090d00000| 72%| E|  |TAMS 0x0000000090c00000, 0x0000000090c00000| Complete 
| 149|0x0000000090d00000, 0x0000000090e00000, 0x0000000090e00000|100%| E|CS|TAMS 0x0000000090d00000, 0x0000000090d00000| Complete 
| 150|0x0000000090e00000, 0x0000000090f00000, 0x0000000090f00000|100%| E|CS|TAMS 0x0000000090e00000, 0x0000000090e00000| Complete 
| 151|0x0000000090f00000, 0x0000000091000000, 0x0000000091000000|100%| E|CS|TAMS 0x0000000090f00000, 0x0000000090f00000| Complete 
| 152|0x0000000091000000, 0x0000000091100000, 0x0000000091100000|100%| E|CS|TAMS 0x0000000091000000, 0x0000000091000000| Complete 
| 153|0x0000000091100000, 0x0000000091200000, 0x0000000091200000|100%| E|CS|TAMS 0x0000000091100000, 0x0000000091100000| Complete 
|1926|0x00000000ffe00000, 0x00000000ffe47000, 0x00000000fff00000| 27%|OA|  |TAMS 0x00000000ffe47000, 0x00000000ffe00000| Untracked 
|1927|0x00000000fff00000, 0x00000000fff6b000, 0x0000000100000000| 41%|CA|  |TAMS 0x00000000fff6b000, 0x00000000fff00000| Untracked 

Card table byte_map: [0x00007fb471257000,0x00007fb47161b000] _byte_map_base: 0x00007fb470e1b000

Marking Bits (Prev, Next): (CMBitMap*) 0x00007fb46c0598a0, (CMBitMap*) 0x00007fb46c059868
 Prev Bits: [0x00007fb44c3c0000, 0x00007fb44e1e0000)
 Next Bits: [0x00007fb44e1e0000, 0x00007fb450000000)

Polling page: 0x00007fb473a71000

Metaspace:

Usage:
  Non-class:     18,03 MB capacity,    17,53 MB ( 97%) used,   421,59 KB (  2%) free+waste,    99,50 KB ( <1%) overhead. 
      Class:      2,94 MB capacity,     2,57 MB ( 88%) used,   319,26 KB ( 11%) free+waste,    51,00 KB (  2%) overhead. 
       Both:     20,97 MB capacity,    20,10 MB ( 96%) used,   740,84 KB (  3%) free+waste,   150,50 KB ( <1%) overhead. 

Virtual space:
  Non-class space:       20,00 MB reserved,      18,25 MB ( 91%) committed 
      Class space:        1,00 GB reserved,       3,00 MB ( <1%) committed 
             Both:        1,02 GB reserved,      21,25 MB (  2%) committed 

Chunk freelists:
   Non-Class:  65,00 KB
       Class:  1,00 KB
        Both:  66,00 KB

MaxMetaspaceSize: unlimited
CompressedClassSpaceSize: 1,00 GB

CodeHeap 'non-profiled nmethods': size=120032Kb used=986Kb max_used=986Kb free=119045Kb
 bounds [0x00007fb45c340000, 0x00007fb45c5b0000, 0x00007fb463878000]
CodeHeap 'profiled nmethods': size=120032Kb used=4920Kb max_used=4920Kb free=115111Kb
 bounds [0x00007fb454e08000, 0x00007fb4552d8000, 0x00007fb45c340000]
CodeHeap 'non-nmethods': size=5696Kb used=1125Kb max_used=1163Kb free=4571Kb
 bounds [0x00007fb454878000, 0x00007fb454ae8000, 0x00007fb454e08000]
 total_blobs=2823 nmethods=2371 adapters=363
 compilation: enabled
              stopped_count=0, restarted_count=0
 full_count=0

Compilation events (20 events):
Event: 3,110 Thread 0x00007fb46c186800 nmethod 2328 0x00007fb4552ae510 code [0x00007fb4552ae720, 0x00007fb4552aeb40]
Event: 3,114 Thread 0x00007fb46c186800 2329       3       org.springframework.boot.autoconfigure.AutoConfigurationMetadataLoader$PropertiesAutoConfigurationMetadata::get (8 bytes)
Event: 3,114 Thread 0x00007fb46c186800 nmethod 2329 0x00007fb4552aed10 code [0x00007fb4552aeec0, 0x00007fb4552af020]
Event: 3,114 Thread 0x00007fb46c186800 2330       3       org.springframework.boot.autoconfigure.AutoConfigurationMetadataLoader$PropertiesAutoConfigurationMetadata::get (44 bytes)
Event: 3,115 Thread 0x00007fb46c186800 nmethod 2330 0x00007fb4552af110 code [0x00007fb4552af380, 0x00007fb4552afd00]
Event: 3,115 Thread 0x00007fb46c186800 2332       3       java.lang.invoke.MethodType::methodType (14 bytes)
Event: 3,115 Thread 0x00007fb46c186800 nmethod 2332 0x00007fb4552b0090 code [0x00007fb4552b0260, 0x00007fb4552b05c0]
Event: 3,115 Thread 0x00007fb46c186800 2331       1       org.springframework.boot.autoconfigure.condition.FilteringSpringBootCondition::getBeanClassLoader (5 bytes)
Event: 3,115 Thread 0x00007fb46c186800 nmethod 2331 0x00007fb45c432690 code [0x00007fb45c432840, 0x00007fb45c432910]
Event: 3,125 Thread 0x00007fb46c186800 2335       3       java.nio.Buffer::limit (65 bytes)
Event: 3,126 Thread 0x00007fb46c186800 nmethod 2335 0x00007fb4552b0690 code [0x00007fb4552b0860, 0x00007fb4552b0b20]
Event: 3,128 Thread 0x00007fb46c186800 2336       3       java.util.ArrayList::clear (43 bytes)
Event: 3,128 Thread 0x00007fb46c186800 nmethod 2336 0x00007fb4552b0c10 code [0x00007fb4552b0de0, 0x00007fb4552b1190]
Event: 3,128 Thread 0x00007fb46c186800 2337       3       jdk.internal.loader.BuiltinClassLoader::definePackage (276 bytes)
Event: 3,131 Thread 0x00007fb46c186800 nmethod 2337 0x00007fb4552b1310 code [0x00007fb4552b1800, 0x00007fb4552b4870]
Event: 3,131 Thread 0x00007fb46c186800 2338   !   3       com.sun.proxy.$Proxy12::annotationType (29 bytes)
Event: 3,132 Thread 0x00007fb46c186800 nmethod 2338 0x00007fb4552b5a90 code [0x00007fb4552b5c80, 0x00007fb4552b60b0]
Event: 3,132 Thread 0x00007fb46c186800 2339       3       java.lang.reflect.Proxy::getProxyConstructor (92 bytes)
Event: 3,133 Thread 0x00007fb46c186800 nmethod 2339 0x00007fb4552b6290 code [0x00007fb4552b65a0, 0x00007fb4552b7cd0]
Event: 3,133 Thread 0x00007fb46c186800 2340   !   3       java.lang.reflect.Proxy::newProxyInstance (75 bytes)

GC Heap History (12 events):
Event: 0,648 GC heap before
{Heap before GC invocations=0 (full 0):
 garbage-first heap   total 126976K, used 15048K [0x0000000087800000, 0x0000000100000000)
  region size 1024K, 14 young (14336K), 0 survivors (0K)
 Metaspace       used 2593K, capacity 5334K, committed 5504K, reserved 1056768K
  class space    used 281K, capacity 564K, committed 640K, reserved 1048576K
}
Event: 0,663 GC heap after
{Heap after GC invocations=1 (full 0):
 garbage-first heap   total 126976K, used 7006K [0x0000000087800000, 0x0000000100000000)
  region size 1024K, 2 young (2048K), 2 survivors (2048K)
 Metaspace       used 2593K, capacity 5334K, committed 5504K, reserved 1056768K
  class space    used 281K, capacity 564K, committed 640K, reserved 1048576K
}
Event: 0,982 GC heap before
{Heap before GC invocations=1 (full 0):
 garbage-first heap   total 126976K, used 15198K [0x0000000087800000, 0x0000000100000000)
  region size 1024K, 10 young (10240K), 2 survivors (2048K)
 Metaspace       used 3794K, capacity 6391K, committed 6656K, reserved 1056768K
  class space    used 461K, capacity 752K, committed 768K, reserved 1048576K
}
Event: 0,993 GC heap after
{Heap after GC invocations=2 (full 0):
 garbage-first heap   total 126976K, used 7231K [0x0000000087800000, 0x0000000100000000)
  region size 1024K, 1 young (1024K), 1 survivors (1024K)
 Metaspace       used 3794K, capacity 6391K, committed 6656K, reserved 1056768K
  class space    used 461K, capacity 752K, committed 768K, reserved 1048576K
}
Event: 1,710 GC heap before
{Heap before GC invocations=2 (full 0):
 garbage-first heap   total 126976K, used 32831K [0x0000000087800000, 0x0000000100000000)
  region size 1024K, 26 young (26624K), 1 survivors (1024K)
 Metaspace       used 8401K, capacity 9902K, committed 10112K, reserved 1058816K
  class space    used 1034K, capacity 1313K, committed 1408K, reserved 1048576K
}
Event: 1,717 GC heap after
{Heap after GC invocations=3 (full 0):
 garbage-first heap   total 126976K, used 8966K [0x0000000087800000, 0x0000000100000000)
  region size 1024K, 2 young (2048K), 2 survivors (2048K)
 Metaspace       used 8401K, capacity 9902K, committed 10112K, reserved 1058816K
  class space    used 1034K, capacity 1313K, committed 1408K, reserved 1048576K
}
Event: 2,719 GC heap before
{Heap before GC invocations=3 (full 0):
 garbage-first heap   total 126976K, used 57094K [0x0000000087800000, 0x0000000100000000)
  region size 1024K, 50 young (51200K), 2 survivors (2048K)
 Metaspace       used 16455K, capacity 17275K, committed 17664K, reserved 1064960K
  class space    used 2121K, capacity 2457K, committed 2560K, reserved 1048576K
}
Event: 2,734 GC heap after
{Heap after GC invocations=4 (full 0):
 garbage-first heap   total 126976K, used 11423K [0x0000000087800000, 0x0000000100000000)
  region size 1024K, 5 young (5120K), 5 survivors (5120K)
 Metaspace       used 16455K, capacity 17275K, committed 17664K, reserved 1064960K
  class space    used 2121K, capacity 2457K, committed 2560K, reserved 1048576K
}
Event: 3,046 GC heap before
{Heap before GC invocations=4 (full 0):
 garbage-first heap   total 126976K, used 67743K [0x0000000087800000, 0x0000000100000000)
  region size 1024K, 61 young (62464K), 5 survivors (5120K)
 Metaspace       used 19932K, capacity 20781K, committed 20864K, reserved 1067008K
  class space    used 2567K, capacity 2925K, committed 2944K, reserved 1048576K
}
Event: 3,059 GC heap after
{Heap after GC invocations=5 (full 0):
 garbage-first heap   total 159744K, used 13020K [0x0000000087800000, 0x0000000100000000)
  region size 1024K, 6 young (6144K), 6 survivors (6144K)
 Metaspace       used 19932K, capacity 20781K, committed 20864K, reserved 1067008K
  class space    used 2567K, capacity 2925K, committed 2944K, reserved 1048576K
}
Event: 3,077 GC heap before
{Heap before GC invocations=5 (full 0):
 garbage-first heap   total 159744K, used 23260K [0x0000000087800000, 0x0000000100000000)
  region size 1024K, 18 young (18432K), 6 survivors (6144K)
 Metaspace       used 20233K, capacity 21069K, committed 21248K, reserved 1067008K
  class space    used 2585K, capacity 2957K, committed 3072K, reserved 1048576K
}
Event: 3,087 GC heap after
{Heap after GC invocations=6 (full 0):
 garbage-first heap   total 159744K, used 12952K [0x0000000087800000, 0x0000000100000000)
  region size 1024K, 6 young (6144K), 6 survivors (6144K)
 Metaspace       used 20233K, capacity 21069K, committed 21248K, reserved 1067008K
  class space    used 2585K, capacity 2957K, committed 3072K, reserved 1048576K
}

Deoptimization events (20 events):
Event: 3,119 Thread 0x00007fb46c01a000 DEOPT PACKING pc=0x00007fb45507e031 sp=0x00007fb47223c890
Event: 3,119 Thread 0x00007fb46c01a000 DEOPT UNPACKING pc=0x00007fb45489e0ca sp=0x00007fb47223bd88 mode 0
Event: 3,119 Thread 0x00007fb46c01a000 DEOPT PACKING pc=0x00007fb45507e031 sp=0x00007fb47223c890
Event: 3,119 Thread 0x00007fb46c01a000 DEOPT UNPACKING pc=0x00007fb45489e0ca sp=0x00007fb47223bd88 mode 0
Event: 3,120 Thread 0x00007fb46c01a000 DEOPT PACKING pc=0x00007fb45507e031 sp=0x00007fb47223c890
Event: 3,120 Thread 0x00007fb46c01a000 DEOPT UNPACKING pc=0x00007fb45489e0ca sp=0x00007fb47223bd88 mode 0
Event: 3,120 Thread 0x00007fb46c01a000 DEOPT PACKING pc=0x00007fb45507e031 sp=0x00007fb47223c890
Event: 3,120 Thread 0x00007fb46c01a000 DEOPT UNPACKING pc=0x00007fb45489e0ca sp=0x00007fb47223bd88 mode 0
Event: 3,120 Thread 0x00007fb46c01a000 DEOPT PACKING pc=0x00007fb45507e031 sp=0x00007fb47223c890
Event: 3,120 Thread 0x00007fb46c01a000 DEOPT UNPACKING pc=0x00007fb45489e0ca sp=0x00007fb47223bd88 mode 0
Event: 3,121 Thread 0x00007fb46c01a000 DEOPT PACKING pc=0x00007fb45507e031 sp=0x00007fb47223c890
Event: 3,121 Thread 0x00007fb46c01a000 DEOPT UNPACKING pc=0x00007fb45489e0ca sp=0x00007fb47223bd88 mode 0
Event: 3,121 Thread 0x00007fb46c01a000 DEOPT PACKING pc=0x00007fb45507e031 sp=0x00007fb47223c890
Event: 3,121 Thread 0x00007fb46c01a000 DEOPT UNPACKING pc=0x00007fb45489e0ca sp=0x00007fb47223bd88 mode 0
Event: 3,122 Thread 0x00007fb46c01a000 DEOPT PACKING pc=0x00007fb45507e031 sp=0x00007fb47223c890
Event: 3,122 Thread 0x00007fb46c01a000 DEOPT UNPACKING pc=0x00007fb45489e0ca sp=0x00007fb47223bd88 mode 0
Event: 3,122 Thread 0x00007fb46c01a000 DEOPT PACKING pc=0x00007fb45507e031 sp=0x00007fb47223c890
Event: 3,122 Thread 0x00007fb46c01a000 DEOPT UNPACKING pc=0x00007fb45489e0ca sp=0x00007fb47223bd88 mode 0
Event: 3,122 Thread 0x00007fb46c01a000 DEOPT PACKING pc=0x00007fb45507e031 sp=0x00007fb47223c890
Event: 3,122 Thread 0x00007fb46c01a000 DEOPT UNPACKING pc=0x00007fb45489e0ca sp=0x00007fb47223bd88 mode 0

Classes redefined (0 events):
No events

Internal exceptions (20 events):
Event: 2,783 Thread 0x00007fb46c01a000 Exception <a 'java/lang/ClassNotFoundException'{0x000000008eeb1e70}: org/springframework/context/annotation/ConfigurationClassPostProcessorCustomizer> (0x000000008eeb1e70) thrown at [src/hotspot/share/classfile/systemDictionary.cpp, line 231]
Event: 2,786 Thread 0x00007fb46c01a000 Exception <a 'java/lang/ClassNotFoundException'{0x000000008eed8e38}: org/springframework/beans/factory/support/BeanDefinitionRegistryPostProcessorCustomizer> (0x000000008eed8e38) thrown at [src/hotspot/share/classfile/systemDictionary.cpp, line 231]
Event: 2,787 Thread 0x00007fb46c01a000 Exception <a 'java/lang/ClassNotFoundException'{0x000000008ec01180}: org/springframework/beans/factory/config/BeanFactoryPostProcessorCustomizer> (0x000000008ec01180) thrown at [src/hotspot/share/classfile/systemDictionary.cpp, line 231]
Event: 2,787 Thread 0x00007fb46c01a000 Exception <a 'java/lang/ClassNotFoundException'{0x000000008ec12a50}: org/springframework/core/PriorityOrderedCustomizer> (0x000000008ec12a50) thrown at [src/hotspot/share/classfile/systemDictionary.cpp, line 231]
Event: 2,788 Thread 0x00007fb46c01a000 Exception <a 'java/lang/ClassNotFoundException'{0x000000008ec21e98}: org/springframework/core/OrderedCustomizer> (0x000000008ec21e98) thrown at [src/hotspot/share/classfile/systemDictionary.cpp, line 231]
Event: 2,789 Thread 0x00007fb46c01a000 Exception <a 'java/lang/ClassNotFoundException'{0x000000008ec34278}: org/springframework/context/ResourceLoaderAwareCustomizer> (0x000000008ec34278) thrown at [src/hotspot/share/classfile/systemDictionary.cpp, line 231]
Event: 2,789 Thread 0x00007fb46c01a000 Exception <a 'java/lang/ClassNotFoundException'{0x000000008ec45570}: org/springframework/beans/factory/AwareCustomizer> (0x000000008ec45570) thrown at [src/hotspot/share/classfile/systemDictionary.cpp, line 231]
Event: 2,790 Thread 0x00007fb46c01a000 Exception <a 'java/lang/ClassNotFoundException'{0x000000008ec57890}: org/springframework/context/ApplicationStartupAwareCustomizer> (0x000000008ec57890) thrown at [src/hotspot/share/classfile/systemDictionary.cpp, line 231]
Event: 2,790 Thread 0x00007fb46c01a000 Exception <a 'java/lang/ClassNotFoundException'{0x000000008ec68e00}: org/springframework/beans/factory/AwareCustomizer> (0x000000008ec68e00) thrown at [src/hotspot/share/classfile/systemDictionary.cpp, line 231]
Event: 2,791 Thread 0x00007fb46c01a000 Exception <a 'java/lang/ClassNotFoundException'{0x000000008ec7b4d8}: org/springframework/beans/factory/BeanClassLoaderAwareCustomizer> (0x000000008ec7b4d8) thrown at [src/hotspot/share/classfile/systemDictionary.cpp, line 231]
Event: 2,792 Thread 0x00007fb46c01a000 Exception <a 'java/lang/ClassNotFoundException'{0x000000008ecf2910}: org/springframework/beans/factory/AwareCustomizer> (0x000000008ecf2910) thrown at [src/hotspot/share/classfile/systemDictionary.cpp, line 231]
Event: 2,792 Thread 0x00007fb46c01a000 Exception <a 'java/lang/ClassNotFoundException'{0x000000008eb04020}: org/springframework/context/EnvironmentAwareCustomizer> (0x000000008eb04020) thrown at [src/hotspot/share/classfile/systemDictionary.cpp, line 231]
Event: 2,793 Thread 0x00007fb46c01a000 Exception <a 'java/lang/ClassNotFoundException'{0x000000008eb152a8}: org/springframework/beans/factory/AwareCustomizer> (0x000000008eb152a8) thrown at [src/hotspot/share/classfile/systemDictionary.cpp, line 231]
Event: 2,927 Thread 0x00007fb46cb7a800 Exception <a 'java/lang/NoSuchMethodError'{0x000000008dd55f88}: 'long java.lang.invoke.DirectMethodHandle$Holder.invokeSpecial(java.lang.Object, java.lang.Object)'> (0x000000008dd55f88) thrown at [src/hotspot/share/interpreter/linkResolver.cpp, line 772]
Event: 2,929 Thread 0x00007fb46cb7a800 Exception <a 'java/lang/NoSuchMethodError'{0x000000008dd60340}: 'long java.lang.invoke.DirectMethodHandle$Holder.invokeStatic(java.lang.Object, java.lang.Object)'> (0x000000008dd60340) thrown at [src/hotspot/share/interpreter/linkResolver.cpp, line 772]
Event: 2,930 Thread 0x00007fb46cb7a800 Exception <a 'java/lang/NoSuchMethodError'{0x000000008dd63168}: 'long java.lang.invoke.DirectMethodHandle$Holder.invokeStaticInit(java.lang.Object, java.lang.Object)'> (0x000000008dd63168) thrown at [src/hotspot/share/interpreter/linkResolver.cpp, line 772]
Event: 2,932 Thread 0x00007fb46cb7a800 Exception <a 'java/lang/NoSuchMethodError'{0x000000008dd6f848}: 'long java.lang.invoke.DirectMethodHandle$Holder.invokeInterface(java.lang.Object, java.lang.Object)'> (0x000000008dd6f848) thrown at [src/hotspot/share/interpreter/linkResolver.cpp, line 772]
Event: 2,932 Thread 0x00007fb46cb7a800 Exception <a 'java/lang/IncompatibleClassChangeError'{0x000000008dd725e0}: Found class java.lang.Object, but interface was expected> (0x000000008dd725e0) thrown at [src/hotspot/share/interpreter/linkResolver.cpp, line 839]
Event: 2,942 Thread 0x00007fb46cb7a800 Exception <a 'java/lang/NoSuchMethodError'{0x000000008dc64020}: 'java.lang.Object java.lang.invoke.DirectMethodHandle$Holder.invokeVirtual(java.lang.Object, java.lang.Object, java.lang.Object, java.lang.Object)'> (0x000000008dc64020) thrown at [src/hotspot/share/interpreter/linkResolver.cpp, line 772]
Event: 3,115 Thread 0x00007fb46c01a000 Exception <a 'java/lang/IncompatibleClassChangeError'{0x0000000090f68df0}: Found class java.lang.Object, but interface was expected> (0x0000000090f68df0) thrown at [src/hotspot/share/interpreter/linkResolver.cpp, line 839]

Events (20 events):
Event: 3,124 loading class org/springframework/boot/autoconfigure/AutoConfigurationSorter$AutoConfigurationClasses
Event: 3,124 loading class org/springframework/boot/autoconfigure/AutoConfigurationSorter$AutoConfigurationClasses done
Event: 3,125 loading class org/springframework/boot/autoconfigure/AutoConfigurationSorter$AutoConfigurationClass
Event: 3,125 loading class org/springframework/boot/autoconfigure/AutoConfigurationSorter$AutoConfigurationClass done
Event: 3,128 loading class org/springframework/boot/autoconfigure/AutoConfigureAfter
Event: 3,128 loading class org/springframework/boot/autoconfigure/AutoConfigureAfter done
Event: 3,128 loading class org/springframework/boot/context/properties/EnableConfigurationProperties
Event: 3,128 loading class org/springframework/boot/context/properties/EnableConfigurationProperties done
Event: 3,129 loading class org/springframework/boot/context/properties/EnableConfigurationPropertiesRegistrar
Event: 3,129 loading class org/springframework/boot/context/properties/EnableConfigurationPropertiesRegistrar done
Event: 3,129 loading class org/springframework/boot/autoconfigure/condition/ConditionalOnMissingBean
Event: 3,129 loading class org/springframework/boot/autoconfigure/condition/ConditionalOnMissingBean done
Event: 3,130 loading class org/springframework/boot/autoconfigure/condition/SearchStrategy
Event: 3,130 loading class org/springframework/boot/autoconfigure/condition/SearchStrategy done
Event: 3,131 loading class org/springframework/boot/context/properties/ConfigurationProperties
Event: 3,131 loading class org/springframework/boot/context/properties/ConfigurationProperties done
Event: 3,132 loading class org/springframework/boot/autoconfigure/AutoConfigureBefore
Event: 3,132 loading class org/springframework/boot/autoconfigure/AutoConfigureBefore done
Event: 3,133 loading class org/springframework/boot/autoconfigure/condition/ConditionalOnProperty
Event: 3,133 loading class org/springframework/boot/autoconfigure/condition/ConditionalOnProperty done


Dynamic libraries:
87800000-91200000 rw-p 00000000 00:00 0 
91200000-ffe00000 ---p 00000000 00:00 0 
ffe00000-ffe47000 rw-p 01111000 08:02 4337573                            /usr/lib/jvm/java-11-openjdk-amd64/lib/server/classes.jsa
ffe47000-fff00000 rw-p 00000000 00:00 0 
fff00000-fff6b000 rw-p 010a6000 08:02 4337573                            /usr/lib/jvm/java-11-openjdk-amd64/lib/server/classes.jsa
fff6b000-100000000 rw-p 00000000 00:00 0 
800000000-800002000 rwxp 00001000 08:02 4337573                          /usr/lib/jvm/java-11-openjdk-amd64/lib/server/classes.jsa
800002000-8003b9000 rw-p 00003000 08:02 4337573                          /usr/lib/jvm/java-11-openjdk-amd64/lib/server/classes.jsa
8003b9000-800a96000 r--p 003ba000 08:02 4337573                          /usr/lib/jvm/java-11-openjdk-amd64/lib/server/classes.jsa
800a96000-800a97000 rw-p 00a97000 08:02 4337573                          /usr/lib/jvm/java-11-openjdk-amd64/lib/server/classes.jsa
800a97000-8010a5000 r--p 00a98000 08:02 4337573                          /usr/lib/jvm/java-11-openjdk-amd64/lib/server/classes.jsa
840000000-840300000 rw-p 00000000 00:00 0 
840300000-880000000 ---p 00000000 00:00 0 
558252536000-558252537000 r--p 00000000 08:02 4337945                    /usr/lib/jvm/java-11-openjdk-amd64/bin/java
558252537000-558252538000 r-xp 00001000 08:02 4337945                    /usr/lib/jvm/java-11-openjdk-amd64/bin/java
558252538000-558252539000 r--p 00002000 08:02 4337945                    /usr/lib/jvm/java-11-openjdk-amd64/bin/java
558252539000-55825253a000 r--p 00002000 08:02 4337945                    /usr/lib/jvm/java-11-openjdk-amd64/bin/java
55825253a000-55825253b000 rw-p 00003000 08:02 4337945                    /usr/lib/jvm/java-11-openjdk-amd64/bin/java
558252f58000-558252f79000 rw-p 00000000 00:00 0                          [heap]
7fb3f4000000-7fb3f4021000 rw-p 00000000 00:00 0 
7fb3f4021000-7fb3f8000000 ---p 00000000 00:00 0 
7fb3f8000000-7fb3f8021000 rw-p 00000000 00:00 0 
7fb3f8021000-7fb3fc000000 ---p 00000000 00:00 0 
7fb3fc000000-7fb3fc026000 rw-p 00000000 00:00 0 
7fb3fc026000-7fb400000000 ---p 00000000 00:00 0 
7fb400000000-7fb40025e000 rw-p 00000000 00:00 0 
7fb40025e000-7fb404000000 ---p 00000000 00:00 0 
7fb404000000-7fb404421000 rw-p 00000000 00:00 0 
7fb404421000-7fb408000000 ---p 00000000 00:00 0 
7fb408000000-7fb408021000 rw-p 00000000 00:00 0 
7fb408021000-7fb40c000000 ---p 00000000 00:00 0 
7fb40c000000-7fb40c021000 rw-p 00000000 00:00 0 
7fb40c021000-7fb410000000 ---p 00000000 00:00 0 
7fb410000000-7fb410021000 rw-p 00000000 00:00 0 
7fb410021000-7fb414000000 ---p 00000000 00:00 0 
7fb414000000-7fb414021000 rw-p 00000000 00:00 0 
7fb414021000-7fb418000000 ---p 00000000 00:00 0 
7fb418000000-7fb418021000 rw-p 00000000 00:00 0 
7fb418021000-7fb41c000000 ---p 00000000 00:00 0 
7fb41c000000-7fb41cc5e000 rw-p 00000000 00:00 0 
7fb41cc5e000-7fb420000000 ---p 00000000 00:00 0 
7fb420000000-7fb420543000 rw-p 00000000 00:00 0 
7fb420543000-7fb424000000 ---p 00000000 00:00 0 
7fb424000000-7fb424021000 rw-p 00000000 00:00 0 
7fb424021000-7fb428000000 ---p 00000000 00:00 0 
7fb428000000-7fb428021000 rw-p 00000000 00:00 0 
7fb428021000-7fb42c000000 ---p 00000000 00:00 0 
7fb42c000000-7fb42c021000 rw-p 00000000 00:00 0 
7fb42c021000-7fb430000000 ---p 00000000 00:00 0 
7fb430000000-7fb430021000 rw-p 00000000 00:00 0 
7fb430021000-7fb434000000 ---p 00000000 00:00 0 
7fb434000000-7fb434021000 rw-p 00000000 00:00 0 
7fb434021000-7fb438000000 ---p 00000000 00:00 0 
7fb438000000-7fb4380c8000 rw-p 00000000 00:00 0 
7fb4380c8000-7fb43c000000 ---p 00000000 00:00 0 
7fb43c000000-7fb43c021000 rw-p 00000000 00:00 0 
7fb43c021000-7fb440000000 ---p 00000000 00:00 0 
7fb440000000-7fb440021000 rw-p 00000000 00:00 0 
7fb440021000-7fb444000000 ---p 00000000 00:00 0 
7fb4442b7000-7fb4442f7000 rw-p 00000000 00:00 0 
7fb4442f7000-7fb4444b7000 ---p 00000000 00:00 0 
7fb4444b7000-7fb4446b7000 rw-p 00000000 00:00 0 
7fb4446b7000-7fb4446b8000 ---p 00000000 00:00 0 
7fb4446b8000-7fb4447b9000 rw-p 00000000 00:00 0 
7fb4447b9000-7fb4447ba000 ---p 00000000 00:00 0 
7fb4447ba000-7fb444abb000 rw-p 00000000 00:00 0 
7fb444abb000-7fb444cbb000 rw-p 00000000 00:00 0 
7fb444cbb000-7fb444cbf000 ---p 00000000 00:00 0 
7fb444cbf000-7fb444fbc000 rw-p 00000000 00:00 0 
7fb444fbc000-7fb4451bc000 rw-p 00000000 00:00 0 
7fb4451bc000-7fb4451c0000 ---p 00000000 00:00 0 
7fb4451c0000-7fb4452bd000 rw-p 00000000 00:00 0 
7fb4452bd000-7fb4452be000 ---p 00000000 00:00 0 
7fb4452be000-7fb4453bf000 rw-p 00000000 00:00 0 
7fb4453bf000-7fb4453c3000 ---p 00000000 00:00 0 
7fb4453c3000-7fb4454c0000 rw-p 00000000 00:00 0 
7fb4454c0000-7fb4454c1000 ---p 00000000 00:00 0 
7fb4454c1000-7fb4455c2000 rw-p 00000000 00:00 0 
7fb4455c2000-7fb4455c6000 ---p 00000000 00:00 0 
7fb4455c6000-7fb4456c3000 rw-p 00000000 00:00 0 
7fb4456c3000-7fb4456c7000 ---p 00000000 00:00 0 
7fb4456c7000-7fb4457c4000 rw-p 00000000 00:00 0 
7fb4457c4000-7fb446000000 r--p 00000000 08:02 4326521                    /usr/lib/locale/locale-archive
7fb446000000-7fb448000000 rw-p 00000000 00:00 0 
7fb448000000-7fb448021000 rw-p 00000000 00:00 0 
7fb448021000-7fb44c000000 ---p 00000000 00:00 0 
7fb44c0bd000-7fb44c0c1000 ---p 00000000 00:00 0 
7fb44c0c1000-7fb44c1be000 rw-p 00000000 00:00 0 
7fb44c1be000-7fb44c1c2000 ---p 00000000 00:00 0 
7fb44c1c2000-7fb44c2bf000 rw-p 00000000 00:00 0 
7fb44c2bf000-7fb44c2c3000 ---p 00000000 00:00 0 
7fb44c2c3000-7fb44c628000 rw-p 00000000 00:00 0 
7fb44c628000-7fb44e1d8000 ---p 00000000 00:00 0 
7fb44e1d8000-7fb44e448000 rw-p 00000000 00:00 0 
7fb44e448000-7fb44fff8000 ---p 00000000 00:00 0 
7fb44fff8000-7fb450000000 rw-p 00000000 00:00 0 
7fb450000000-7fb450021000 rw-p 00000000 00:00 0 
7fb450021000-7fb454000000 ---p 00000000 00:00 0 
7fb454078000-7fb454878000 rw-p 00000000 00:00 0 
7fb454878000-7fb454ae8000 rwxp 00000000 00:00 0 
7fb454ae8000-7fb454e08000 ---p 00000000 00:00 0 
7fb454e08000-7fb4552e8000 rwxp 00000000 00:00 0 
7fb4552e8000-7fb45c340000 ---p 00000000 00:00 0 
7fb45c340000-7fb45c5b0000 rwxp 00000000 00:00 0 
7fb45c5b0000-7fb463878000 ---p 00000000 00:00 0 
7fb463878000-7fb46c000000 r--s 00000000 08:02 4339758                    /usr/lib/jvm/java-11-openjdk-amd64/lib/modules
7fb46c000000-7fb46ce09000 rw-p 00000000 00:00 0 
7fb46ce09000-7fb470000000 ---p 00000000 00:00 0 
7fb470022000-7fb470024000 r--p 00000000 08:02 4339746                    /usr/lib/jvm/java-11-openjdk-amd64/lib/libmanagement_ext.so
7fb470024000-7fb470027000 r-xp 00002000 08:02 4339746                    /usr/lib/jvm/java-11-openjdk-amd64/lib/libmanagement_ext.so
7fb470027000-7fb470028000 r--p 00005000 08:02 4339746                    /usr/lib/jvm/java-11-openjdk-amd64/lib/libmanagement_ext.so
7fb470028000-7fb470029000 ---p 00006000 08:02 4339746                    /usr/lib/jvm/java-11-openjdk-amd64/lib/libmanagement_ext.so
7fb470029000-7fb47002a000 r--p 00006000 08:02 4339746                    /usr/lib/jvm/java-11-openjdk-amd64/lib/libmanagement_ext.so
7fb47002a000-7fb47002b000 rw-p 00007000 08:02 4339746                    /usr/lib/jvm/java-11-openjdk-amd64/lib/libmanagement_ext.so
7fb47002b000-7fb47002e000 r--p 00000000 08:02 4339744                    /usr/lib/jvm/java-11-openjdk-amd64/lib/libmanagement.so
7fb47002e000-7fb47002f000 r-xp 00003000 08:02 4339744                    /usr/lib/jvm/java-11-openjdk-amd64/lib/libmanagement.so
7fb47002f000-7fb470030000 r--p 00004000 08:02 4339744                    /usr/lib/jvm/java-11-openjdk-amd64/lib/libmanagement.so
7fb470030000-7fb470031000 r--p 00004000 08:02 4339744                    /usr/lib/jvm/java-11-openjdk-amd64/lib/libmanagement.so
7fb470031000-7fb470032000 rw-p 00005000 08:02 4339744                    /usr/lib/jvm/java-11-openjdk-amd64/lib/libmanagement.so
7fb470032000-7fb470033000 r--p 00000000 08:02 4339719                    /usr/lib/jvm/java-11-openjdk-amd64/lib/libextnet.so
7fb470033000-7fb470034000 r-xp 00001000 08:02 4339719                    /usr/lib/jvm/java-11-openjdk-amd64/lib/libextnet.so
7fb470034000-7fb470035000 r--p 00002000 08:02 4339719                    /usr/lib/jvm/java-11-openjdk-amd64/lib/libextnet.so
7fb470035000-7fb470036000 r--p 00002000 08:02 4339719                    /usr/lib/jvm/java-11-openjdk-amd64/lib/libextnet.so
7fb470036000-7fb470037000 rw-p 00003000 08:02 4339719                    /usr/lib/jvm/java-11-openjdk-amd64/lib/libextnet.so
7fb470037000-7fb47003b000 r--p 00000000 08:02 4339748                    /usr/lib/jvm/java-11-openjdk-amd64/lib/libnet.so
7fb47003b000-7fb47004a000 r-xp 00004000 08:02 4339748                    /usr/lib/jvm/java-11-openjdk-amd64/lib/libnet.so
7fb47004a000-7fb47004e000 r--p 00013000 08:02 4339748                    /usr/lib/jvm/java-11-openjdk-amd64/lib/libnet.so
7fb47004e000-7fb47004f000 r--p 00016000 08:02 4339748                    /usr/lib/jvm/java-11-openjdk-amd64/lib/libnet.so
7fb47004f000-7fb470050000 rw-p 00017000 08:02 4339748                    /usr/lib/jvm/java-11-openjdk-amd64/lib/libnet.so
7fb470050000-7fb470057000 r--p 00000000 08:02 4339749                    /usr/lib/jvm/java-11-openjdk-amd64/lib/libnio.so
7fb470057000-7fb47005f000 r-xp 00007000 08:02 4339749                    /usr/lib/jvm/java-11-openjdk-amd64/lib/libnio.so
7fb47005f000-7fb470062000 r--p 0000f000 08:02 4339749                    /usr/lib/jvm/java-11-openjdk-amd64/lib/libnio.so
7fb470062000-7fb470063000 r--p 00011000 08:02 4339749                    /usr/lib/jvm/java-11-openjdk-amd64/lib/libnio.so
7fb470063000-7fb470064000 rw-p 00012000 08:02 4339749                    /usr/lib/jvm/java-11-openjdk-amd64/lib/libnio.so
7fb470064000-7fb470068000 ---p 00000000 00:00 0 
7fb470068000-7fb470165000 rw-p 00000000 00:00 0 
7fb470165000-7fb470169000 ---p 00000000 00:00 0 
7fb470169000-7fb470266000 rw-p 00000000 00:00 0 
7fb470266000-7fb47026a000 ---p 00000000 00:00 0 
7fb47026a000-7fb470367000 rw-p 00000000 00:00 0 
7fb470367000-7fb47036b000 ---p 00000000 00:00 0 
7fb47036b000-7fb470468000 rw-p 00000000 00:00 0 
7fb470468000-7fb470469000 ---p 00000000 00:00 0 
7fb470469000-7fb470646000 rw-p 00000000 00:00 0 
7fb470646000-7fb470647000 ---p 00000000 00:00 0 
7fb470647000-7fb470748000 rw-p 00000000 00:00 0 
7fb470748000-7fb470749000 ---p 00000000 00:00 0 
7fb470749000-7fb470c4e000 rw-p 00000000 00:00 0 
7fb470c4e000-7fb470c4f000 ---p 00000000 00:00 0 
7fb470c4f000-7fb470d50000 rw-p 00000000 00:00 0 
7fb470d50000-7fb470d51000 ---p 00000000 00:00 0 
7fb470d51000-7fb470ee0000 rw-p 00000000 00:00 0 
7fb470ee0000-7fb471256000 ---p 00000000 00:00 0 
7fb471256000-7fb4712a4000 rw-p 00000000 00:00 0 
7fb4712a4000-7fb47161a000 ---p 00000000 00:00 0 
7fb47161a000-7fb471668000 rw-p 00000000 00:00 0 
7fb471668000-7fb4719de000 ---p 00000000 00:00 0 
7fb4719de000-7fb471de3000 rw-p 00000000 00:00 0 
7fb471de3000-7fb471de4000 ---p 00000000 00:00 0 
7fb471de4000-7fb471eea000 rw-p 00000000 00:00 0 
7fb471eea000-7fb471fd0000 ---p 00000000 00:00 0 
7fb471fd0000-7fb471fda000 rw-p 00000000 00:00 0 
7fb471fda000-7fb4720bb000 ---p 00000000 00:00 0 
7fb4720bb000-7fb4720c0000 rw-p 00000000 00:00 0 
7fb4720c0000-7fb4720c7000 ---p 00000000 00:00 0 
7fb4720c7000-7fb4720ca000 r--p 00000000 08:02 4326318                    /usr/lib/x86_64-linux-gnu/libnss_files-2.31.so
7fb4720ca000-7fb4720d1000 r-xp 00003000 08:02 4326318                    /usr/lib/x86_64-linux-gnu/libnss_files-2.31.so
7fb4720d1000-7fb4720d3000 r--p 0000a000 08:02 4326318                    /usr/lib/x86_64-linux-gnu/libnss_files-2.31.so
7fb4720d3000-7fb4720d4000 r--p 0000b000 08:02 4326318                    /usr/lib/x86_64-linux-gnu/libnss_files-2.31.so
7fb4720d4000-7fb4720d5000 rw-p 0000c000 08:02 4326318                    /usr/lib/x86_64-linux-gnu/libnss_files-2.31.so
7fb4720d5000-7fb4720db000 rw-p 00000000 00:00 0 
7fb4720df000-7fb4720e1000 r--p 00000000 08:02 4339757                    /usr/lib/jvm/java-11-openjdk-amd64/lib/libzip.so
7fb4720e1000-7fb4720e5000 r-xp 00002000 08:02 4339757                    /usr/lib/jvm/java-11-openjdk-amd64/lib/libzip.so
7fb4720e5000-7fb4720e7000 r--p 00006000 08:02 4339757                    /usr/lib/jvm/java-11-openjdk-amd64/lib/libzip.so
7fb4720e7000-7fb4720e8000 r--p 00007000 08:02 4339757                    /usr/lib/jvm/java-11-openjdk-amd64/lib/libzip.so
7fb4720e8000-7fb4720e9000 rw-p 00008000 08:02 4339757                    /usr/lib/jvm/java-11-openjdk-amd64/lib/libzip.so
7fb4720e9000-7fb4720f1000 rw-s 00000000 08:02 525078                     /tmp/hsperfdata_sabrina/12254
7fb4720f1000-7fb4720f3000 r--p 00000000 08:02 4339723                    /usr/lib/jvm/java-11-openjdk-amd64/lib/libinstrument.so
7fb4720f3000-7fb4720f9000 r-xp 00002000 08:02 4339723                    /usr/lib/jvm/java-11-openjdk-amd64/lib/libinstrument.so
7fb4720f9000-7fb4720fc000 r--p 00008000 08:02 4339723                    /usr/lib/jvm/java-11-openjdk-amd64/lib/libinstrument.so
7fb4720fc000-7fb4720fd000 r--p 0000a000 08:02 4339723                    /usr/lib/jvm/java-11-openjdk-amd64/lib/libinstrument.so
7fb4720fd000-7fb4720fe000 rw-p 0000b000 08:02 4339723                    /usr/lib/jvm/java-11-openjdk-amd64/lib/libinstrument.so
7fb4720fe000-7fb472100000 r--p 00000000 08:02 4339739                    /usr/lib/jvm/java-11-openjdk-amd64/lib/libjimage.so
7fb472100000-7fb472103000 r-xp 00002000 08:02 4339739                    /usr/lib/jvm/java-11-openjdk-amd64/lib/libjimage.so
7fb472103000-7fb472104000 r--p 00005000 08:02 4339739                    /usr/lib/jvm/java-11-openjdk-amd64/lib/libjimage.so
7fb472104000-7fb472105000 ---p 00006000 08:02 4339739                    /usr/lib/jvm/java-11-openjdk-amd64/lib/libjimage.so
7fb472105000-7fb472106000 r--p 00006000 08:02 4339739                    /usr/lib/jvm/java-11-openjdk-amd64/lib/libjimage.so
7fb472106000-7fb472107000 rw-p 00007000 08:02 4339739                    /usr/lib/jvm/java-11-openjdk-amd64/lib/libjimage.so
7fb472107000-7fb472115000 r--p 00000000 08:02 4339733                    /usr/lib/jvm/java-11-openjdk-amd64/lib/libjava.so
7fb472115000-7fb47212b000 r-xp 0000e000 08:02 4339733                    /usr/lib/jvm/java-11-openjdk-amd64/lib/libjava.so
7fb47212b000-7fb472132000 r--p 00024000 08:02 4339733                    /usr/lib/jvm/java-11-openjdk-amd64/lib/libjava.so
7fb472132000-7fb472133000 r--p 0002a000 08:02 4339733                    /usr/lib/jvm/java-11-openjdk-amd64/lib/libjava.so
7fb472133000-7fb472134000 rw-p 0002b000 08:02 4339733                    /usr/lib/jvm/java-11-openjdk-amd64/lib/libjava.so
7fb472134000-7fb472135000 rw-p 00000000 00:00 0 
7fb472135000-7fb472138000 r--p 00000000 08:02 4326367                    /usr/lib/x86_64-linux-gnu/librt-2.31.so
7fb472138000-7fb47213c000 r-xp 00003000 08:02 4326367                    /usr/lib/x86_64-linux-gnu/librt-2.31.so
7fb47213c000-7fb47213d000 r--p 00007000 08:02 4326367                    /usr/lib/x86_64-linux-gnu/librt-2.31.so
7fb47213d000-7fb47213e000 ---p 00008000 08:02 4326367                    /usr/lib/x86_64-linux-gnu/librt-2.31.so
7fb47213e000-7fb47213f000 r--p 00008000 08:02 4326367                    /usr/lib/x86_64-linux-gnu/librt-2.31.so
7fb47213f000-7fb472140000 rw-p 00009000 08:02 4326367                    /usr/lib/x86_64-linux-gnu/librt-2.31.so
7fb472140000-7fb472144000 ---p 00000000 00:00 0 
7fb472144000-7fb472241000 rw-p 00000000 00:00 0 
7fb472241000-7fb472244000 r--p 00000000 08:02 4333136                    /usr/lib/x86_64-linux-gnu/libgcc_s.so.1
7fb472244000-7fb472256000 r-xp 00003000 08:02 4333136                    /usr/lib/x86_64-linux-gnu/libgcc_s.so.1
7fb472256000-7fb47225a000 r--p 00015000 08:02 4333136                    /usr/lib/x86_64-linux-gnu/libgcc_s.so.1
7fb47225a000-7fb47225b000 r--p 00018000 08:02 4333136                    /usr/lib/x86_64-linux-gnu/libgcc_s.so.1
7fb47225b000-7fb47225c000 rw-p 00019000 08:02 4333136                    /usr/lib/x86_64-linux-gnu/libgcc_s.so.1
7fb47225c000-7fb47226b000 r--p 00000000 08:02 4326283                    /usr/lib/x86_64-linux-gnu/libm-2.31.so
7fb47226b000-7fb472312000 r-xp 0000f000 08:02 4326283                    /usr/lib/x86_64-linux-gnu/libm-2.31.so
7fb472312000-7fb4723a9000 r--p 000b6000 08:02 4326283                    /usr/lib/x86_64-linux-gnu/libm-2.31.so
7fb4723a9000-7fb4723aa000 r--p 0014c000 08:02 4326283                    /usr/lib/x86_64-linux-gnu/libm-2.31.so
7fb4723aa000-7fb4723ab000 rw-p 0014d000 08:02 4326283                    /usr/lib/x86_64-linux-gnu/libm-2.31.so
7fb4723ab000-7fb472441000 r--p 00000000 08:02 4338623                    /usr/lib/x86_64-linux-gnu/libstdc++.so.6.0.28
7fb472441000-7fb472532000 r-xp 00096000 08:02 4338623                    /usr/lib/x86_64-linux-gnu/libstdc++.so.6.0.28
7fb472532000-7fb47257b000 r--p 00187000 08:02 4338623                    /usr/lib/x86_64-linux-gnu/libstdc++.so.6.0.28
7fb47257b000-7fb47257c000 ---p 001d0000 08:02 4338623                    /usr/lib/x86_64-linux-gnu/libstdc++.so.6.0.28
7fb47257c000-7fb472587000 r--p 001d0000 08:02 4338623                    /usr/lib/x86_64-linux-gnu/libstdc++.so.6.0.28
7fb472587000-7fb47258a000 rw-p 001db000 08:02 4338623                    /usr/lib/x86_64-linux-gnu/libstdc++.so.6.0.28
7fb47258a000-7fb47258d000 rw-p 00000000 00:00 0 
7fb47258d000-7fb472807000 r--p 00000000 08:02 4339761                    /usr/lib/jvm/java-11-openjdk-amd64/lib/server/libjvm.so
7fb472807000-7fb47348c000 r-xp 0027a000 08:02 4339761                    /usr/lib/jvm/java-11-openjdk-amd64/lib/server/libjvm.so
7fb47348c000-7fb4736e3000 r--p 00eff000 08:02 4339761                    /usr/lib/jvm/java-11-openjdk-amd64/lib/server/libjvm.so
7fb4736e3000-7fb4737a4000 r--p 01155000 08:02 4339761                    /usr/lib/jvm/java-11-openjdk-amd64/lib/server/libjvm.so
7fb4737a4000-7fb4737df000 rw-p 01216000 08:02 4339761                    /usr/lib/jvm/java-11-openjdk-amd64/lib/server/libjvm.so
7fb4737df000-7fb473838000 rw-p 00000000 00:00 0 
7fb473838000-7fb47383f000 r--p 00000000 08:02 4326345                    /usr/lib/x86_64-linux-gnu/libpthread-2.31.so
7fb47383f000-7fb473850000 r-xp 00007000 08:02 4326345                    /usr/lib/x86_64-linux-gnu/libpthread-2.31.so
7fb473850000-7fb473855000 r--p 00018000 08:02 4326345                    /usr/lib/x86_64-linux-gnu/libpthread-2.31.so
7fb473855000-7fb473856000 r--p 0001c000 08:02 4326345                    /usr/lib/x86_64-linux-gnu/libpthread-2.31.so
7fb473856000-7fb473857000 rw-p 0001d000 08:02 4326345                    /usr/lib/x86_64-linux-gnu/libpthread-2.31.so
7fb473857000-7fb47385b000 rw-p 00000000 00:00 0 
7fb47385b000-7fb47385c000 r--p 00000000 08:02 4326282                    /usr/lib/x86_64-linux-gnu/libdl-2.31.so
7fb47385c000-7fb47385e000 r-xp 00001000 08:02 4326282                    /usr/lib/x86_64-linux-gnu/libdl-2.31.so
7fb47385e000-7fb47385f000 r--p 00003000 08:02 4326282                    /usr/lib/x86_64-linux-gnu/libdl-2.31.so
7fb47385f000-7fb473860000 r--p 00003000 08:02 4326282                    /usr/lib/x86_64-linux-gnu/libdl-2.31.so
7fb473860000-7fb473861000 rw-p 00004000 08:02 4326282                    /usr/lib/x86_64-linux-gnu/libdl-2.31.so
7fb473861000-7fb473863000 r--p 00000000 08:02 4327577                    /usr/lib/x86_64-linux-gnu/libz.so.1.2.11
7fb473863000-7fb473874000 r-xp 00002000 08:02 4327577                    /usr/lib/x86_64-linux-gnu/libz.so.1.2.11
7fb473874000-7fb47387a000 r--p 00013000 08:02 4327577                    /usr/lib/x86_64-linux-gnu/libz.so.1.2.11
7fb47387a000-7fb47387b000 ---p 00019000 08:02 4327577                    /usr/lib/x86_64-linux-gnu/libz.so.1.2.11
7fb47387b000-7fb47387c000 r--p 00019000 08:02 4327577                    /usr/lib/x86_64-linux-gnu/libz.so.1.2.11
7fb47387c000-7fb47387d000 rw-p 0001a000 08:02 4327577                    /usr/lib/x86_64-linux-gnu/libz.so.1.2.11
7fb47387d000-7fb4738a2000 r--p 00000000 08:02 4326281                    /usr/lib/x86_64-linux-gnu/libc-2.31.so
7fb4738a2000-7fb473a1a000 r-xp 00025000 08:02 4326281                    /usr/lib/x86_64-linux-gnu/libc-2.31.so
7fb473a1a000-7fb473a64000 r--p 0019d000 08:02 4326281                    /usr/lib/x86_64-linux-gnu/libc-2.31.so
7fb473a64000-7fb473a65000 ---p 001e7000 08:02 4326281                    /usr/lib/x86_64-linux-gnu/libc-2.31.so
7fb473a65000-7fb473a68000 r--p 001e7000 08:02 4326281                    /usr/lib/x86_64-linux-gnu/libc-2.31.so
7fb473a68000-7fb473a6b000 rw-p 001ea000 08:02 4326281                    /usr/lib/x86_64-linux-gnu/libc-2.31.so
7fb473a6b000-7fb473a6f000 rw-p 00000000 00:00 0 
7fb473a6f000-7fb473a71000 r--s 0000c000 08:02 5114011                    /usr/share/java/java-atk-wrapper.jar
7fb473a71000-7fb473a72000 ---p 00000000 00:00 0 
7fb473a72000-7fb473a73000 r--p 00000000 00:00 0 
7fb473a73000-7fb473a78000 r--p 00000000 08:02 4339756                    /usr/lib/jvm/java-11-openjdk-amd64/lib/libverify.so
7fb473a78000-7fb473a7f000 r-xp 00005000 08:02 4339756                    /usr/lib/jvm/java-11-openjdk-amd64/lib/libverify.so
7fb473a7f000-7fb473a81000 r--p 0000c000 08:02 4339756                    /usr/lib/jvm/java-11-openjdk-amd64/lib/libverify.so
7fb473a81000-7fb473a82000 ---p 0000e000 08:02 4339756                    /usr/lib/jvm/java-11-openjdk-amd64/lib/libverify.so
7fb473a82000-7fb473a84000 r--p 0000e000 08:02 4339756                    /usr/lib/jvm/java-11-openjdk-amd64/lib/libverify.so
7fb473a84000-7fb473a85000 rw-p 00010000 08:02 4339756                    /usr/lib/jvm/java-11-openjdk-amd64/lib/libverify.so
7fb473a85000-7fb473a88000 r--p 00000000 08:02 4339677                    /usr/lib/jvm/java-11-openjdk-amd64/lib/jli/libjli.so
7fb473a88000-7fb473a92000 r-xp 00003000 08:02 4339677                    /usr/lib/jvm/java-11-openjdk-amd64/lib/jli/libjli.so
7fb473a92000-7fb473a95000 r--p 0000d000 08:02 4339677                    /usr/lib/jvm/java-11-openjdk-amd64/lib/jli/libjli.so
7fb473a95000-7fb473a96000 ---p 00010000 08:02 4339677                    /usr/lib/jvm/java-11-openjdk-amd64/lib/jli/libjli.so
7fb473a96000-7fb473a97000 r--p 00010000 08:02 4339677                    /usr/lib/jvm/java-11-openjdk-amd64/lib/jli/libjli.so
7fb473a97000-7fb473a98000 rw-p 00011000 08:02 4339677                    /usr/lib/jvm/java-11-openjdk-amd64/lib/jli/libjli.so
7fb473a98000-7fb473a9a000 rw-p 00000000 00:00 0 
7fb473a9a000-7fb473a9b000 r--p 00000000 08:02 4325963                    /usr/lib/x86_64-linux-gnu/ld-2.31.so
7fb473a9b000-7fb473abe000 r-xp 00001000 08:02 4325963                    /usr/lib/x86_64-linux-gnu/ld-2.31.so
7fb473abe000-7fb473ac6000 r--p 00024000 08:02 4325963                    /usr/lib/x86_64-linux-gnu/ld-2.31.so
7fb473ac7000-7fb473ac8000 r--p 0002c000 08:02 4325963                    /usr/lib/x86_64-linux-gnu/ld-2.31.so
7fb473ac8000-7fb473ac9000 rw-p 0002d000 08:02 4325963                    /usr/lib/x86_64-linux-gnu/ld-2.31.so
7fb473ac9000-7fb473aca000 rw-p 00000000 00:00 0 
7ffffbf66000-7ffffbf8a000 rw-p 00000000 00:00 0                          [stack]
7ffffbfee000-7ffffbff2000 r--p 00000000 00:00 0                          [vvar]
7ffffbff2000-7ffffbff4000 r-xp 00000000 00:00 0                          [vdso]
ffffffffff600000-ffffffffff601000 --xp 00000000 00:00 0                  [vsyscall]


VM Arguments:
jvm_args: -ea -Didea.test.cyclic.buffer.size=1048576 -javaagent:/home/sabrina/.local/share/JetBrains/Toolbox/apps/IDEA-U/ch-0/211.7442.40/lib/idea_rt.jar=41899:/home/sabrina/.local/share/JetBrains/Toolbox/apps/IDEA-U/ch-0/211.7442.40/bin -Dfile.encoding=UTF-8 
java_command: com.intellij.rt.junit.JUnitStarter -ideVersion5 -junit5 com.codecool.travelish.controller.ApplicationControllerTest,getAllByUser_responseOk
java_class_path (initial): /home/sabrina/.local/share/JetBrains/Toolbox/apps/IDEA-U/ch-0/211.7442.40/lib/idea_rt.jar:/home/sabrina/.m2/repository/org/junit/platform/junit-platform-launcher/1.7.2/junit-platform-launcher-1.7.2.jar:/home/sabrina/.m2/repository/org/junit/vintage/junit-vintage-engine/5.7.2/junit-vintage-engine-5.7.2.jar:/home/sabrina/.local/share/JetBrains/Toolbox/apps/IDEA-U/ch-0/211.7442.40/plugins/junit/lib/junit5-rt.jar:/home/sabrina/.local/share/JetBrains/Toolbox/apps/IDEA-U/ch-0/211.7442.40/plugins/junit/lib/junit-rt.jar:/home/sabrina/Codecool/advanced/TW/joblish-backend/target/test-classes:/home/sabrina/Codecool/advanced/TW/joblish-backend/target/classes:/home/sabrina/.m2/repository/javax/validation/validation-api/2.0.1.Final/validation-api-2.0.1.Final.jar:/home/sabrina/.m2/repository/org/springframework/boot/spring-boot-starter-data-jpa/2.5.4/spring-boot-starter-data-jpa-2.5.4.jar:/home/sabrina/.m2/repository/org/springframework/boot/spring-boot-starter-aop/2.5.4/spring-boot-starter-aop-2.5.4.jar:/home/sabrina/.m2/repository/org/aspectj/aspectjweaver/1.9.7/aspectjweaver-1.9.7.jar:/home/sabrina/.m2/repository/org/springframework/boot/spring-boot-starter-jdbc/2.5.4/spring-boot-starter-jdbc-2.5.4.jar:/home/sabrina/.m2/repository/com/zaxxer/HikariCP/4.0.3/HikariCP-4.0.3.jar:/home/sabrina/.m2/repository/org/springframework/spring-jdbc/5.3.9/spring-jdbc-5.3.9.jar:/home/sabrina/.m2/repository/jakarta/transaction/jakarta.transaction-api/1.3.3/jakarta.transaction-api-1.3.3.jar:/home/sabrina/.m2/repository/jakarta/persistence/jakarta.persistence-api/2.2.3/jakarta.persistence-api-2.2.3.jar:/home/sabrina/.m2/repository/org/hibernate/hibernate-core/5.4.32.Final/hibernate-core-5.4.32.Final.jar:/home/sabrina/.m2/repository/org/jboss/logging/jboss-logging/3.4.2.Final/jboss-logging-3.4.2.Final.jar:/home/sabrina/.m2/repository/org/javassist/javassist/3.27.0-GA/javassist-3.27.0-GA.jar:/home/sabrina/.m2/repository/antlr/antlr/2.7.7/antlr-2.7.7.jar:/home/sabrina/.m
Launcher Type: SUN_STANDARD

[Global flags]
     intx CICompilerCount                          = 3                                         {product} {ergonomic}
     uint ConcGCThreads                            = 1                                         {product} {ergonomic}
     uint G1ConcRefinementThreads                  = 4                                         {product} {ergonomic}
   size_t G1HeapRegionSize                         = 1048576                                   {product} {ergonomic}
    uintx GCDrainStackTargetSize                   = 64                                        {product} {ergonomic}
   size_t InitialHeapSize                          = 127926272                                 {product} {ergonomic}
   size_t MarkStackSize                            = 4194304                                   {product} {ergonomic}
   size_t MaxHeapSize                              = 2021654528                                {product} {ergonomic}
   size_t MaxNewSize                               = 1212153856                                {product} {ergonomic}
   size_t MinHeapDeltaBytes                        = 1048576                                   {product} {ergonomic}
    uintx NonNMethodCodeHeapSize                   = 5830732                                {pd product} {ergonomic}
    uintx NonProfiledCodeHeapSize                  = 122913754                              {pd product} {ergonomic}
    uintx ProfiledCodeHeapSize                     = 122913754                              {pd product} {ergonomic}
    uintx ReservedCodeCacheSize                    = 251658240                              {pd product} {ergonomic}
     bool SegmentedCodeCache                       = true                                      {product} {ergonomic}
     bool UseCompressedClassPointers               = true                                 {lp64_product} {ergonomic}
     bool UseCompressedOops                        = true                                 {lp64_product} {ergonomic}
     bool UseG1GC                                  = true                                      {product} {ergonomic}

Logging:
Log output configuration:
 #0: stdout all=warning uptime,level,tags
 #1: stderr all=off uptime,level,tags

Environment Variables:
PATH=/home/sabrina/.local/bin:/usr/local/sbin:/usr/local/bin:/usr/sbin:/usr/bin:/sbin:/bin:/usr/games:/usr/local/games:/snap/bin
SHELL=/bin/bash
DISPLAY=:0
LANG=en_US.UTF-8

Signal Handlers:
SIGSEGV: [libjvm.so+0xe8ba00], sa_mask[0]=11111111011111111101111111111110, sa_flags=SA_RESTART|SA_SIGINFO
SIGBUS: [libjvm.so+0xe8ba00], sa_mask[0]=11111111011111111101111111111110, sa_flags=SA_RESTART|SA_SIGINFO
SIGFPE: [libjvm.so+0xe8ba00], sa_mask[0]=11111111011111111101111111111110, sa_flags=SA_RESTART|SA_SIGINFO
SIGPIPE: [libjvm.so+0xbd10f0], sa_mask[0]=11111111011111111101111111111110, sa_flags=SA_RESTART|SA_SIGINFO
SIGXFSZ: [libjvm.so+0xbd10f0], sa_mask[0]=11111111011111111101111111111110, sa_flags=SA_RESTART|SA_SIGINFO
SIGILL: [libjvm.so+0xe8ba00], sa_mask[0]=11111111011111111101111111111110, sa_flags=SA_RESTART|SA_SIGINFO
SIGUSR2: [libjvm.so+0xbd0f90], sa_mask[0]=00100000000000000000000000000000, sa_flags=SA_RESTART|SA_SIGINFO
SIGHUP: [libjvm.so+0xbd1430], sa_mask[0]=11111111011111111101111111111110, sa_flags=SA_RESTART|SA_SIGINFO
SIGINT: [libjvm.so+0xbd1430], sa_mask[0]=11111111011111111101111111111110, sa_flags=SA_RESTART|SA_SIGINFO
SIGTERM: [libjvm.so+0xbd1430], sa_mask[0]=11111111011111111101111111111110, sa_flags=SA_RESTART|SA_SIGINFO
SIGQUIT: [libjvm.so+0xbd1430], sa_mask[0]=11111111011111111101111111111110, sa_flags=SA_RESTART|SA_SIGINFO


---------------  S Y S T E M  ---------------

OS:DISTRIB_ID=Ubuntu
DISTRIB_RELEASE=20.04
DISTRIB_CODENAME=focal
DISTRIB_DESCRIPTION="Ubuntu 20.04.3 LTS"
uname:Linux 5.11.0-37-generic #41~20.04.2-Ubuntu SMP Fri Sep 24 09:06:38 UTC 2021 x86_64
OS uptime: 0 days 2:33 hours
libc:glibc 2.31 NPTL 2.31 
rlimit (soft/hard): STACK 8192k/infinity , CORE 0k/infinity , NPROC 30599/30599 , NOFILE 1048576/1048576 , AS infinity/infinity , CPU infinity/infinity , DATA infinity/infinity , FSIZE infinity/infinity , MEMLOCK 65536k/65536k
load average:1,65 1,28 1,15

/proc/meminfo:
MemTotal:        7892792 kB
MemFree:          284328 kB
MemAvailable:    1344808 kB
Buffers:          195500 kB
Cached:          1368896 kB
SwapCached:         9952 kB
Active:           975108 kB
Inactive:        6187104 kB
Active(anon):      85904 kB
Inactive(anon):  5841456 kB
Active(file):     889204 kB
Inactive(file):   345648 kB
Unevictable:       65688 kB
Mlocked:             112 kB
SwapTotal:       2097148 kB
SwapFree:        2047740 kB
Dirty:              9424 kB
Writeback:             0 kB
AnonPages:       5654036 kB
Mapped:           705428 kB
Shmem:            329200 kB
KReclaimable:      96208 kB
Slab:             198452 kB
SReclaimable:      96208 kB
SUnreclaim:       102244 kB
KernelStack:       21008 kB
PageTables:        63076 kB
NFS_Unstable:          0 kB
Bounce:                0 kB
WritebackTmp:          0 kB
CommitLimit:     6043544 kB
Committed_AS:   15609408 kB
VmallocTotal:   34359738367 kB
VmallocUsed:       58440 kB
VmallocChunk:          0 kB
Percpu:             3104 kB
HardwareCorrupted:     0 kB
AnonHugePages:         0 kB
ShmemHugePages:        0 kB
ShmemPmdMapped:        0 kB
FileHugePages:         0 kB
FilePmdMapped:         0 kB
HugePages_Total:       0
HugePages_Free:        0
HugePages_Rsvd:        0
HugePages_Surp:        0
Hugepagesize:       2048 kB
Hugetlb:               0 kB
DirectMap4k:      322808 kB
DirectMap2M:     6758400 kB
DirectMap1G:     2097152 kB

/sys/kernel/mm/transparent_hugepage/enabled:
always [madvise] never
/sys/kernel/mm/transparent_hugepage/defrag (defrag/compaction efforts parameter):
always defer defer+madvise [madvise] never

Process Memory:
Virtual Size: 5127856K (peak: 13403376K)
Resident Set Size: 191264K (peak: 191264K) (anon: 162812K, file: 28452K, shmem: 0K)
Swapped out: 0K
C-Heap outstanding allocations: 33144K

/proc/sys/kernel/threads-max (system-wide limit on the number of threads):
61199
/proc/sys/vm/max_map_count (maximum number of memory map areas a process may have):
65530
/proc/sys/kernel/pid_max (system-wide limit on number of process identifiers):
4194304

container (cgroup) information:
container_type: cgroupv1
cpu_cpuset_cpus: 0-3
cpu_memory_nodes: 0
active_processor_count: 4
cpu_quota: -1
cpu_period: 100000
cpu_shares: -1
memory_limit_in_bytes: -1
memory_and_swap_limit_in_bytes: -1
memory_soft_limit_in_bytes: -1
memory_usage_in_bytes: 6829494272
memory_max_usage_in_bytes: 6995615744

Steal ticks since vm start: 0
Steal ticks percentage since vm start:  0,000

CPU:total 4 (initial active 4) (2 cores per cpu, 2 threads per core) family 6 model 78 stepping 3 microcode 0xea, cmov, cx8, fxsr, mmx, sse, sse2, sse3, ssse3, sse4.1, sse4.2, popcnt, avx, avx2, aes, clmul, erms, 3dnowpref, lzcnt, ht, tsc, tscinvbit, bmi1, bmi2, adx, fma
CPU Model and flags from /proc/cpuinfo:
model name	: Intel(R) Core(TM) i5-6200U CPU @ 2.30GHz
flags		: fpu vme de pse tsc msr pae mce cx8 apic sep mtrr pge mca cmov pat pse36 clflush dts acpi mmx fxsr sse sse2 ss ht tm pbe syscall nx pdpe1gb rdtscp lm constant_tsc art arch_perfmon pebs bts rep_good nopl xtopology nonstop_tsc cpuid aperfmperf pni pclmulqdq dtes64 monitor ds_cpl vmx est tm2 ssse3 sdbg fma cx16 xtpr pdcm pcid sse4_1 sse4_2 x2apic movbe popcnt tsc_deadline_timer aes xsave avx f16c rdrand lahf_lm abm 3dnowprefetch cpuid_fault epb invpcid_single pti ssbd ibrs ibpb stibp tpr_shadow vnmi flexpriority ept vpid ept_ad fsgsbase tsc_adjust bmi1 avx2 smep bmi2 erms invpcid mpx rdseed adx smap clflushopt intel_pt xsaveopt xsavec xgetbv1 xsaves dtherm ida arat pln pts hwp hwp_notify hwp_act_window hwp_epp md_clear flush_l1d
Online cpus:
0-3
Offline cpus:

BIOS frequency limitation:
<Not Available>
Frequency switch latency (ns):
0
Available cpu frequencies:
<Not Available>
Current governor:
powersave
Core performance/turbo boost:
<Not Available>

Memory: 4k page, physical 7892792k(284328k free), swap 2097148k(2047740k free)

vm_info: OpenJDK 64-Bit Server VM (11.0.11+9-Ubuntu-0ubuntu2.20.04) for linux-amd64 JRE (11.0.11+9-Ubuntu-0ubuntu2.20.04), built on Apr 21 2021 09:15:32 by "unknown" with gcc 9.3.0

END.
